;  LST file generated by mikroListExporter - v.2.0 
; Date/Time: 6/5/2023 10:26:28 PM
;----------------------------------------------

;Address Opcode 	ASM
0x0000	0x2BC0      	GOTO       960
_MSdelay:
;MyProject.c,471 :: 		void MSdelay(unsigned int val)
;MyProject.c,473 :: 		for(i=0;i<val;i++)
0x0003	0x1683      	BSF        STATUS, 5
0x0004	0x1303      	BCF        STATUS, 6
0x0005	0x01DF      	CLRF       _i
0x0006	0x01E0      	CLRF       _i+1
L_MSdelay67:
0x0007	0x086F      	MOVF       FARG_MSdelay_val+1, 0
0x0008	0x0260      	SUBWF      _i+1, 0
0x0009	0x1D03      	BTFSS      STATUS, 2
0x000A	0x280D      	GOTO       L__MSdelay128
0x000B	0x086E      	MOVF       FARG_MSdelay_val, 0
0x000C	0x025F      	SUBWF      _i, 0
L__MSdelay128:
0x000D	0x1803      	BTFSC      STATUS, 0
0x000E	0x2821      	GOTO       L_MSdelay68
;MyProject.c,474 :: 		for(j=0;j<165;j++);  /*This count Provide delay of 1 ms for 8MHz Frequency */
0x000F	0x01E3      	CLRF       _j
0x0010	0x01E4      	CLRF       _j+1
L_MSdelay70:
0x0011	0x3000      	MOVLW      0
0x0012	0x0264      	SUBWF      _j+1, 0
0x0013	0x1D03      	BTFSS      STATUS, 2
0x0014	0x2817      	GOTO       L__MSdelay129
0x0015	0x30A5      	MOVLW      165
0x0016	0x0263      	SUBWF      _j, 0
L__MSdelay129:
0x0017	0x1803      	BTFSC      STATUS, 0
0x0018	0x281D      	GOTO       L_MSdelay71
0x0019	0x0AE3      	INCF       _j, 1
0x001A	0x1903      	BTFSC      STATUS, 2
0x001B	0x0AE4      	INCF       _j+1, 1
0x001C	0x2811      	GOTO       L_MSdelay70
L_MSdelay71:
;MyProject.c,473 :: 		for(i=0;i<val;i++)
0x001D	0x0ADF      	INCF       _i, 1
0x001E	0x1903      	BTFSC      STATUS, 2
0x001F	0x0AE0      	INCF       _i+1, 1
;MyProject.c,474 :: 		for(j=0;j<165;j++);  /*This count Provide delay of 1 ms for 8MHz Frequency */
0x0020	0x2807      	GOTO       L_MSdelay67
L_MSdelay68:
;MyProject.c,475 :: 		}
L_end_MSdelay:
0x0021	0x0008      	RETURN
; end of _MSdelay
_LCD_Char:
;MyProject.c,201 :: 		void LCD_Char (unsigned char chardata) /* LCD data write function */
;MyProject.c,203 :: 		ldata = (ldata & 0x0f) | (0xF0 & chardata);  //Send higher nibble of data first to PORT/
0x0022	0x300F      	MOVLW      15
0x0023	0x1283      	BCF        STATUS, 5
0x0024	0x1303      	BCF        STATUS, 6
0x0025	0x0508      	ANDWF      PORTD, 0
0x0026	0x00F1      	MOVWF      R1
0x0027	0x30F0      	MOVLW      240
0x0028	0x1683      	BSF        STATUS, 5
0x0029	0x056D      	ANDWF      FARG_LCD_Char_chardata, 0
0x002A	0x00F0      	MOVWF      R0
0x002B	0x0870      	MOVF       R0, 0
0x002C	0x0471      	IORWF      R1, 0
0x002D	0x1283      	BCF        STATUS, 5
0x002E	0x0088      	MOVWF      PORTD
;MyProject.c,204 :: 		RS = 1;  //Data Register is selected/
0x002F	0x1408      	BSF        RD0_bit, BitPos(RD0_bit+0)
;MyProject.c,205 :: 		EN = 1;  //High-to-low pulse on Enable pin to latch data/
0x0030	0x1488      	BSF        RD1_bit, BitPos(RD1_bit+0)
;MyProject.c,206 :: 		asm NOP;
0x0031	0x0000      	NOP
;MyProject.c,207 :: 		EN = 0;
0x0032	0x1088      	BCF        RD1_bit, BitPos(RD1_bit+0)
;MyProject.c,208 :: 		MSdelay(1);
0x0033	0x3001      	MOVLW      1
0x0034	0x1683      	BSF        STATUS, 5
0x0035	0x00EE      	MOVWF      FARG_MSdelay_val
0x0036	0x3000      	MOVLW      0
0x0037	0x00EF      	MOVWF      FARG_MSdelay_val+1
0x0038	0x2003      	CALL       _MSdelay
;MyProject.c,209 :: 		ldata = (ldata & 0x0f) | (chardata<<4);  //Send lower nibble of data to PORT/
0x0039	0x300F      	MOVLW      15
0x003A	0x1283      	BCF        STATUS, 5
0x003B	0x0508      	ANDWF      PORTD, 0
0x003C	0x00F2      	MOVWF      R2
0x003D	0x1683      	BSF        STATUS, 5
0x003E	0x086D      	MOVF       FARG_LCD_Char_chardata, 0
0x003F	0x00F0      	MOVWF      R0
0x0040	0x0DF0      	RLF        R0, 1
0x0041	0x1070      	BCF        R0, 0
0x0042	0x0DF0      	RLF        R0, 1
0x0043	0x1070      	BCF        R0, 0
0x0044	0x0DF0      	RLF        R0, 1
0x0045	0x1070      	BCF        R0, 0
0x0046	0x0DF0      	RLF        R0, 1
0x0047	0x1070      	BCF        R0, 0
0x0048	0x0870      	MOVF       R0, 0
0x0049	0x0472      	IORWF      R2, 0
0x004A	0x1283      	BCF        STATUS, 5
0x004B	0x0088      	MOVWF      PORTD
;MyProject.c,210 :: 		EN = 1;  //High-to-low pulse on Enable pin to latch data/
0x004C	0x1488      	BSF        RD1_bit, BitPos(RD1_bit+0)
;MyProject.c,211 :: 		asm NOP;
0x004D	0x0000      	NOP
;MyProject.c,212 :: 		EN = 0;
0x004E	0x1088      	BCF        RD1_bit, BitPos(RD1_bit+0)
;MyProject.c,213 :: 		MSdelay(3);
0x004F	0x3003      	MOVLW      3
0x0050	0x1683      	BSF        STATUS, 5
0x0051	0x00EE      	MOVWF      FARG_MSdelay_val
0x0052	0x3000      	MOVLW      0
0x0053	0x00EF      	MOVWF      FARG_MSdelay_val+1
0x0054	0x2003      	CALL       _MSdelay
;MyProject.c,214 :: 		}
L_end_LCD_Char:
0x0055	0x0008      	RETURN
; end of _LCD_Char
_Mul_8X8_U:
;__Lib_Math.c,103 :: 		
;__Lib_Math.c,108 :: 		
0x0056	0x1283      	BCF        STATUS, 5
;__Lib_Math.c,109 :: 		
0x0057	0x1303      	BCF        STATUS, 6
;__Lib_Math.c,110 :: 		
0x0058	0x0870      	MOVF       R0, 0
;__Lib_Math.c,111 :: 		
0x0059	0x00F1      	MOVWF      R1
;__Lib_Math.c,112 :: 		
0x005A	0x01F0      	CLRF       R0
;__Lib_Math.c,113 :: 		
0x005B	0x3008      	MOVLW      8
;__Lib_Math.c,114 :: 		
0x005C	0x00FC      	MOVWF      R12
;__Lib_Math.c,115 :: 		
0x005D	0x0871      	MOVF       R1, 0
;__Lib_Math.c,116 :: 		
0x005E	0x0CF4      	RRF        R4, 1
;__Lib_Math.c,117 :: 		
0x005F	0x1803      	BTFSC      STATUS, 0
;__Lib_Math.c,118 :: 		
0x0060	0x2865      	GOTO       $+5
;__Lib_Math.c,119 :: 		
0x0061	0x0BFC      	DECFSZ     R12, 1
;__Lib_Math.c,120 :: 		
0x0062	0x285E      	GOTO       $-4
;__Lib_Math.c,121 :: 		
0x0063	0x01F1      	CLRF       R1
;__Lib_Math.c,122 :: 		
0x0064	0x3400      	RETLW      0
;__Lib_Math.c,123 :: 		
0x0065	0x1003      	BCF        STATUS, 0
;__Lib_Math.c,124 :: 		
0x0066	0x286A      	GOTO       $+4
;__Lib_Math.c,125 :: 		
0x0067	0x0CF4      	RRF        R4, 1
;__Lib_Math.c,126 :: 		
0x0068	0x1803      	BTFSC      STATUS, 0
;__Lib_Math.c,127 :: 		
0x0069	0x07F1      	ADDWF      R1, 1
;__Lib_Math.c,128 :: 		
0x006A	0x0CF1      	RRF        R1, 1
;__Lib_Math.c,129 :: 		
0x006B	0x0CF0      	RRF        R0, 1
;__Lib_Math.c,130 :: 		
0x006C	0x0BFC      	DECFSZ     R12, 1
;__Lib_Math.c,131 :: 		
0x006D	0x2867      	GOTO       $-6
;__Lib_Math.c,133 :: 		
;__Lib_Math.c,134 :: 		
L_end_Mul_8X8_U:
0x006E	0x0008      	RETURN
; end of _Mul_8X8_U
_Div_16X16_U:
;__Lib_Math.c,215 :: 		
;__Lib_Math.c,222 :: 		
0x006F	0x1283      	BCF        STATUS, 5
;__Lib_Math.c,223 :: 		
0x0070	0x1303      	BCF        STATUS, 6
;__Lib_Math.c,224 :: 		
0x0071	0x01F8      	CLRF       R8
;__Lib_Math.c,225 :: 		
0x0072	0x01F9      	CLRF       R9
;__Lib_Math.c,226 :: 		
0x0073	0x3010      	MOVLW      16
;__Lib_Math.c,227 :: 		
0x0074	0x00FC      	MOVWF      R12
;__Lib_Math.c,228 :: 		
0x0075	0x0D71      	RLF        R1, 0
;__Lib_Math.c,229 :: 		
0x0076	0x0DF8      	RLF        R8, 1
;__Lib_Math.c,230 :: 		
0x0077	0x0DF9      	RLF        R9, 1
;__Lib_Math.c,231 :: 		
0x0078	0x0874      	MOVF       R4, 0
;__Lib_Math.c,232 :: 		
0x0079	0x02F8      	SUBWF      R8, 1
;__Lib_Math.c,233 :: 		
0x007A	0x0875      	MOVF       R5, 0
;__Lib_Math.c,234 :: 		
0x007B	0x1C03      	BTFSS      STATUS, 0
;__Lib_Math.c,235 :: 		
0x007C	0x0F75      	INCFSZ     R5, 0
;__Lib_Math.c,236 :: 		
0x007D	0x02F9      	SUBWF      R9, 1
;__Lib_Math.c,237 :: 		
0x007E	0x1803      	BTFSC      STATUS, 0
;__Lib_Math.c,238 :: 		
0x007F	0x2887      	GOTO       $+8
;__Lib_Math.c,239 :: 		
0x0080	0x0874      	MOVF       R4, 0
;__Lib_Math.c,240 :: 		
0x0081	0x07F8      	ADDWF      R8, 1
;__Lib_Math.c,241 :: 		
0x0082	0x0875      	MOVF       R5, 0
;__Lib_Math.c,242 :: 		
0x0083	0x1803      	BTFSC      STATUS, 0
;__Lib_Math.c,243 :: 		
0x0084	0x0F75      	INCFSZ     R5, 0
;__Lib_Math.c,244 :: 		
0x0085	0x07F9      	ADDWF      R9, 1
;__Lib_Math.c,245 :: 		
0x0086	0x1003      	BCF        STATUS, 0
;__Lib_Math.c,246 :: 		
0x0087	0x0DF0      	RLF        R0, 1
;__Lib_Math.c,247 :: 		
0x0088	0x0DF1      	RLF        R1, 1
;__Lib_Math.c,248 :: 		
0x0089	0x0BFC      	DECFSZ     R12, 1
;__Lib_Math.c,249 :: 		
0x008A	0x2875      	GOTO       $-21
;__Lib_Math.c,251 :: 		
L_end_Div_16X16_U:
0x008B	0x0008      	RETURN
; end of _Div_16X16_U
_LCD_command:
;MyProject.c,159 :: 		void LCD_command(unsigned char cmnd)
;MyProject.c,161 :: 		ldata = (ldata & 0x0f) |(0xF0 & cmnd);  //Send higher nibble of command first to PORT/
0x008C	0x300F      	MOVLW      15
0x008D	0x1283      	BCF        STATUS, 5
0x008E	0x1303      	BCF        STATUS, 6
0x008F	0x0508      	ANDWF      PORTD, 0
0x0090	0x00F1      	MOVWF      R1
0x0091	0x30F0      	MOVLW      240
0x0092	0x1683      	BSF        STATUS, 5
0x0093	0x056C      	ANDWF      FARG_LCD_command_cmnd, 0
0x0094	0x00F0      	MOVWF      R0
0x0095	0x0870      	MOVF       R0, 0
0x0096	0x0471      	IORWF      R1, 0
0x0097	0x1283      	BCF        STATUS, 5
0x0098	0x0088      	MOVWF      PORTD
;MyProject.c,162 :: 		RS = 0;  //Command Register is selected i.e.RS=0/
0x0099	0x1008      	BCF        RD0_bit, BitPos(RD0_bit+0)
;MyProject.c,163 :: 		EN = 1;  //High-to-low pulse on Enable pin to latch data/
0x009A	0x1488      	BSF        RD1_bit, BitPos(RD1_bit+0)
;MyProject.c,164 :: 		asm NOP;
0x009B	0x0000      	NOP
;MyProject.c,165 :: 		EN = 0;
0x009C	0x1088      	BCF        RD1_bit, BitPos(RD1_bit+0)
;MyProject.c,166 :: 		MSdelay(1);
0x009D	0x3001      	MOVLW      1
0x009E	0x1683      	BSF        STATUS, 5
0x009F	0x00EE      	MOVWF      FARG_MSdelay_val
0x00A0	0x3000      	MOVLW      0
0x00A1	0x00EF      	MOVWF      FARG_MSdelay_val+1
0x00A2	0x2003      	CALL       _MSdelay
;MyProject.c,167 :: 		ldata = (ldata & 0x0f) | (cmnd<<4);  /*Send lower nibble of command to PORT */
0x00A3	0x300F      	MOVLW      15
0x00A4	0x1283      	BCF        STATUS, 5
0x00A5	0x0508      	ANDWF      PORTD, 0
0x00A6	0x00F2      	MOVWF      R2
0x00A7	0x1683      	BSF        STATUS, 5
0x00A8	0x086C      	MOVF       FARG_LCD_command_cmnd, 0
0x00A9	0x00F0      	MOVWF      R0
0x00AA	0x0DF0      	RLF        R0, 1
0x00AB	0x1070      	BCF        R0, 0
0x00AC	0x0DF0      	RLF        R0, 1
0x00AD	0x1070      	BCF        R0, 0
0x00AE	0x0DF0      	RLF        R0, 1
0x00AF	0x1070      	BCF        R0, 0
0x00B0	0x0DF0      	RLF        R0, 1
0x00B1	0x1070      	BCF        R0, 0
0x00B2	0x0870      	MOVF       R0, 0
0x00B3	0x0472      	IORWF      R2, 0
0x00B4	0x1283      	BCF        STATUS, 5
0x00B5	0x0088      	MOVWF      PORTD
;MyProject.c,168 :: 		EN = 1;
0x00B6	0x1488      	BSF        RD1_bit, BitPos(RD1_bit+0)
;MyProject.c,169 :: 		asm NOP;
0x00B7	0x0000      	NOP
;MyProject.c,170 :: 		EN = 0;
0x00B8	0x1088      	BCF        RD1_bit, BitPos(RD1_bit+0)
;MyProject.c,171 :: 		MSdelay(3);
0x00B9	0x3003      	MOVLW      3
0x00BA	0x1683      	BSF        STATUS, 5
0x00BB	0x00EE      	MOVWF      FARG_MSdelay_val
0x00BC	0x3000      	MOVLW      0
0x00BD	0x00EF      	MOVWF      FARG_MSdelay_val+1
0x00BE	0x2003      	CALL       _MSdelay
;MyProject.c,172 :: 		}
L_end_LCD_command:
0x00BF	0x0008      	RETURN
; end of _LCD_command
_LCD_String:
;MyProject.c,192 :: 		void LCD_String (unsigned char *str) // Send string to LCD function */
;MyProject.c,194 :: 		while((*str)!=0)
L_LCD_String12:
0x00C0	0x1683      	BSF        STATUS, 5
0x00C1	0x1303      	BCF        STATUS, 6
0x00C2	0x086C      	MOVF       FARG_LCD_String_str, 0
0x00C3	0x0084      	MOVWF      FSR
0x00C4	0x0800      	MOVF       INDF, 0
0x00C5	0x3A00      	XORLW      0
0x00C6	0x1903      	BTFSC      STATUS, 2
0x00C7	0x28CF      	GOTO       L_LCD_String13
;MyProject.c,196 :: 		LCD_Char(*str);
0x00C8	0x086C      	MOVF       FARG_LCD_String_str, 0
0x00C9	0x0084      	MOVWF      FSR
0x00CA	0x0800      	MOVF       INDF, 0
0x00CB	0x00ED      	MOVWF      FARG_LCD_Char_chardata
0x00CC	0x2022      	CALL       _LCD_Char
;MyProject.c,197 :: 		str++;
0x00CD	0x0AEC      	INCF       FARG_LCD_String_str, 1
;MyProject.c,198 :: 		}
0x00CE	0x28C0      	GOTO       L_LCD_String12
L_LCD_String13:
;MyProject.c,199 :: 		}
L_end_LCD_String:
0x00CF	0x0008      	RETURN
; end of _LCD_String
_LCD_String_xy:
;MyProject.c,174 :: 		void LCD_String_xy (unsigned char row,unsigned char pos,unsigned char *str) //Send string to LCD function */
;MyProject.c,176 :: 		location=0;
0x00D0	0x1283      	BCF        STATUS, 5
0x00D1	0x1303      	BCF        STATUS, 6
0x00D2	0x01EF      	CLRF       _location
;MyProject.c,177 :: 		if(row<=1)
0x00D3	0x1683      	BSF        STATUS, 5
0x00D4	0x0867      	MOVF       FARG_LCD_String_xy_row, 0
0x00D5	0x3C01      	SUBLW      1
0x00D6	0x1C03      	BTFSS      STATUS, 0
0x00D7	0x28E4      	GOTO       L_LCD_String_xy10
;MyProject.c,179 :: 		location=(0x80) | ((pos) & 0x0f);  //Print message on 1st row and desired location/
0x00D8	0x300F      	MOVLW      15
0x00D9	0x0568      	ANDWF      FARG_LCD_String_xy_pos, 0
0x00DA	0x00F0      	MOVWF      R0
0x00DB	0x17F0      	BSF        R0, 7
0x00DC	0x0870      	MOVF       R0, 0
0x00DD	0x1283      	BCF        STATUS, 5
0x00DE	0x00EF      	MOVWF      _location
;MyProject.c,180 :: 		LCD_Command(location);
0x00DF	0x0870      	MOVF       R0, 0
0x00E0	0x1683      	BSF        STATUS, 5
0x00E1	0x00EC      	MOVWF      FARG_LCD_command_cmnd
0x00E2	0x208C      	CALL       _LCD_command
;MyProject.c,181 :: 		}
0x00E3	0x28F0      	GOTO       L_LCD_String_xy11
L_LCD_String_xy10:
;MyProject.c,184 :: 		location=(0xC0) | ((pos) & 0x0f);  //Print message on 2nd row and desired location/
0x00E4	0x300F      	MOVLW      15
0x00E5	0x0568      	ANDWF      FARG_LCD_String_xy_pos, 0
0x00E6	0x00F0      	MOVWF      R0
0x00E7	0x30C0      	MOVLW      192
0x00E8	0x04F0      	IORWF      R0, 1
0x00E9	0x0870      	MOVF       R0, 0
0x00EA	0x1283      	BCF        STATUS, 5
0x00EB	0x00EF      	MOVWF      _location
;MyProject.c,185 :: 		LCD_Command(location);
0x00EC	0x0870      	MOVF       R0, 0
0x00ED	0x1683      	BSF        STATUS, 5
0x00EE	0x00EC      	MOVWF      FARG_LCD_command_cmnd
0x00EF	0x208C      	CALL       _LCD_command
;MyProject.c,186 :: 		}
L_LCD_String_xy11:
;MyProject.c,188 :: 		LCD_String(str);
0x00F0	0x0869      	MOVF       FARG_LCD_String_xy_str, 0
0x00F1	0x00EC      	MOVWF      FARG_LCD_String_str
0x00F2	0x20C0      	CALL       _LCD_String
;MyProject.c,190 :: 		}
L_end_LCD_String_xy:
0x00F3	0x0008      	RETURN
; end of _LCD_String_xy
_key:
;MyProject.c,230 :: 		unsigned char key()
;MyProject.c,232 :: 		PORTB=0X00; //set all bits in PORTB to 0
0x00F4	0x1283      	BCF        STATUS, 5
0x00F5	0x1303      	BCF        STATUS, 6
0x00F6	0x0186      	CLRF       PORTB
;MyProject.c,234 :: 		while(COL1&&COL2&&COL3); //wait for a key press
L_key14:
0x00F7	0x1C86      	BTFSS      RB1_bit, BitPos(RB1_bit+0)
0x00F8	0x28FE      	GOTO       L_key15
0x00F9	0x1D06      	BTFSS      RB2_bit, BitPos(RB2_bit+0)
0x00FA	0x28FE      	GOTO       L_key15
0x00FB	0x1D86      	BTFSS      RB3_bit, BitPos(RB3_bit+0)
0x00FC	0x28FE      	GOTO       L_key15
L__key95:
0x00FD	0x28F7      	GOTO       L_key14
L_key15:
;MyProject.c,237 :: 		while(!COL1||!COL2||!COL3) { //is checking if any of the column pins (COL1, COL2, COL3) are low. This means that if any of the column pins are connected to a button that is being pressed, the loop will continue to execute.
L_key18:
0x00FE	0x1C86      	BTFSS      RB1_bit, BitPos(RB1_bit+0)
0x00FF	0x2905      	GOTO       L__key94
0x0100	0x1D06      	BTFSS      RB2_bit, BitPos(RB2_bit+0)
0x0101	0x2905      	GOTO       L__key94
0x0102	0x1D86      	BTFSS      RB3_bit, BitPos(RB3_bit+0)
0x0103	0x2905      	GOTO       L__key94
0x0104	0x2979      	GOTO       L_key19
L__key94:
;MyProject.c,239 :: 		ROW1=0;
0x0105	0x1206      	BCF        RB4_bit, BitPos(RB4_bit+0)
;MyProject.c,240 :: 		ROW2=ROW3=ROW4=1;
0x0106	0x1786      	BSF        RB7_bit, BitPos(RB7_bit+0)
0x0107	0x1B86      	BTFSC      RB7_bit, BitPos(RB7_bit+0)
0x0108	0x290B      	GOTO       L__key104
0x0109	0x1306      	BCF        RB6_bit, BitPos(RB6_bit+0)
0x010A	0x290C      	GOTO       L__key105
L__key104:
0x010B	0x1706      	BSF        RB6_bit, BitPos(RB6_bit+0)
L__key105:
0x010C	0x1B06      	BTFSC      RB6_bit, BitPos(RB6_bit+0)
0x010D	0x2910      	GOTO       L__key106
0x010E	0x1286      	BCF        RB5_bit, BitPos(RB5_bit+0)
0x010F	0x2911      	GOTO       L__key107
L__key106:
0x0110	0x1686      	BSF        RB5_bit, BitPos(RB5_bit+0)
L__key107:
;MyProject.c,242 :: 		if(!COL1||!COL2||!COL3) {
0x0111	0x1C86      	BTFSS      RB1_bit, BitPos(RB1_bit+0)
0x0112	0x2918      	GOTO       L__key93
0x0113	0x1D06      	BTFSS      RB2_bit, BitPos(RB2_bit+0)
0x0114	0x2918      	GOTO       L__key93
0x0115	0x1D86      	BTFSS      RB3_bit, BitPos(RB3_bit+0)
0x0116	0x2918      	GOTO       L__key93
0x0117	0x2921      	GOTO       L_key24
L__key93:
;MyProject.c,243 :: 		MSdelay(100);
0x0118	0x3064      	MOVLW      100
0x0119	0x1683      	BSF        STATUS, 5
0x011A	0x00EE      	MOVWF      FARG_MSdelay_val
0x011B	0x3000      	MOVLW      0
0x011C	0x00EF      	MOVWF      FARG_MSdelay_val+1
0x011D	0x2003      	CALL       _MSdelay
;MyProject.c,245 :: 		rownum=0;
0x011E	0x1283      	BCF        STATUS, 5
0x011F	0x01EE      	CLRF       _rownum
;MyProject.c,246 :: 		break;
0x0120	0x2979      	GOTO       L_key19
;MyProject.c,247 :: 		}
L_key24:
;MyProject.c,249 :: 		ROW2=0;ROW1=ROW3=ROW4=1;
0x0121	0x1286      	BCF        RB5_bit, BitPos(RB5_bit+0)
0x0122	0x1786      	BSF        RB7_bit, BitPos(RB7_bit+0)
0x0123	0x1B86      	BTFSC      RB7_bit, BitPos(RB7_bit+0)
0x0124	0x2927      	GOTO       L__key108
0x0125	0x1306      	BCF        RB6_bit, BitPos(RB6_bit+0)
0x0126	0x2928      	GOTO       L__key109
L__key108:
0x0127	0x1706      	BSF        RB6_bit, BitPos(RB6_bit+0)
L__key109:
0x0128	0x1B06      	BTFSC      RB6_bit, BitPos(RB6_bit+0)
0x0129	0x292C      	GOTO       L__key110
0x012A	0x1206      	BCF        RB4_bit, BitPos(RB4_bit+0)
0x012B	0x292D      	GOTO       L__key111
L__key110:
0x012C	0x1606      	BSF        RB4_bit, BitPos(RB4_bit+0)
L__key111:
;MyProject.c,251 :: 		if(!COL1||!COL2||!COL3) {
0x012D	0x1C86      	BTFSS      RB1_bit, BitPos(RB1_bit+0)
0x012E	0x2934      	GOTO       L__key92
0x012F	0x1D06      	BTFSS      RB2_bit, BitPos(RB2_bit+0)
0x0130	0x2934      	GOTO       L__key92
0x0131	0x1D86      	BTFSS      RB3_bit, BitPos(RB3_bit+0)
0x0132	0x2934      	GOTO       L__key92
0x0133	0x293E      	GOTO       L_key27
L__key92:
;MyProject.c,252 :: 		MSdelay(100);
0x0134	0x3064      	MOVLW      100
0x0135	0x1683      	BSF        STATUS, 5
0x0136	0x00EE      	MOVWF      FARG_MSdelay_val
0x0137	0x3000      	MOVLW      0
0x0138	0x00EF      	MOVWF      FARG_MSdelay_val+1
0x0139	0x2003      	CALL       _MSdelay
;MyProject.c,254 :: 		rownum=1;
0x013A	0x3001      	MOVLW      1
0x013B	0x1283      	BCF        STATUS, 5
0x013C	0x00EE      	MOVWF      _rownum
;MyProject.c,255 :: 		break;
0x013D	0x2979      	GOTO       L_key19
;MyProject.c,256 :: 		}
L_key27:
;MyProject.c,258 :: 		ROW3=0;ROW2=ROW1=ROW4=1;
0x013E	0x1306      	BCF        RB6_bit, BitPos(RB6_bit+0)
0x013F	0x1786      	BSF        RB7_bit, BitPos(RB7_bit+0)
0x0140	0x1B86      	BTFSC      RB7_bit, BitPos(RB7_bit+0)
0x0141	0x2944      	GOTO       L__key112
0x0142	0x1206      	BCF        RB4_bit, BitPos(RB4_bit+0)
0x0143	0x2945      	GOTO       L__key113
L__key112:
0x0144	0x1606      	BSF        RB4_bit, BitPos(RB4_bit+0)
L__key113:
0x0145	0x1A06      	BTFSC      RB4_bit, BitPos(RB4_bit+0)
0x0146	0x2949      	GOTO       L__key114
0x0147	0x1286      	BCF        RB5_bit, BitPos(RB5_bit+0)
0x0148	0x294A      	GOTO       L__key115
L__key114:
0x0149	0x1686      	BSF        RB5_bit, BitPos(RB5_bit+0)
L__key115:
;MyProject.c,260 :: 		if(!COL1||!COL2||!COL3) {
0x014A	0x1C86      	BTFSS      RB1_bit, BitPos(RB1_bit+0)
0x014B	0x2951      	GOTO       L__key91
0x014C	0x1D06      	BTFSS      RB2_bit, BitPos(RB2_bit+0)
0x014D	0x2951      	GOTO       L__key91
0x014E	0x1D86      	BTFSS      RB3_bit, BitPos(RB3_bit+0)
0x014F	0x2951      	GOTO       L__key91
0x0150	0x295B      	GOTO       L_key30
L__key91:
;MyProject.c,261 :: 		MSdelay(100);
0x0151	0x3064      	MOVLW      100
0x0152	0x1683      	BSF        STATUS, 5
0x0153	0x00EE      	MOVWF      FARG_MSdelay_val
0x0154	0x3000      	MOVLW      0
0x0155	0x00EF      	MOVWF      FARG_MSdelay_val+1
0x0156	0x2003      	CALL       _MSdelay
;MyProject.c,263 :: 		rownum=2;
0x0157	0x3002      	MOVLW      2
0x0158	0x1283      	BCF        STATUS, 5
0x0159	0x00EE      	MOVWF      _rownum
;MyProject.c,264 :: 		break;
0x015A	0x2979      	GOTO       L_key19
;MyProject.c,265 :: 		}
L_key30:
;MyProject.c,267 :: 		ROW4=0; ROW1=ROW2=ROW3=1;
0x015B	0x1386      	BCF        RB7_bit, BitPos(RB7_bit+0)
0x015C	0x1706      	BSF        RB6_bit, BitPos(RB6_bit+0)
0x015D	0x1B06      	BTFSC      RB6_bit, BitPos(RB6_bit+0)
0x015E	0x2961      	GOTO       L__key116
0x015F	0x1286      	BCF        RB5_bit, BitPos(RB5_bit+0)
0x0160	0x2962      	GOTO       L__key117
L__key116:
0x0161	0x1686      	BSF        RB5_bit, BitPos(RB5_bit+0)
L__key117:
0x0162	0x1A86      	BTFSC      RB5_bit, BitPos(RB5_bit+0)
0x0163	0x2966      	GOTO       L__key118
0x0164	0x1206      	BCF        RB4_bit, BitPos(RB4_bit+0)
0x0165	0x2967      	GOTO       L__key119
L__key118:
0x0166	0x1606      	BSF        RB4_bit, BitPos(RB4_bit+0)
L__key119:
;MyProject.c,269 :: 		if(!COL1||!COL2||!COL3){
0x0167	0x1C86      	BTFSS      RB1_bit, BitPos(RB1_bit+0)
0x0168	0x296E      	GOTO       L__key90
0x0169	0x1D06      	BTFSS      RB2_bit, BitPos(RB2_bit+0)
0x016A	0x296E      	GOTO       L__key90
0x016B	0x1D86      	BTFSS      RB3_bit, BitPos(RB3_bit+0)
0x016C	0x296E      	GOTO       L__key90
0x016D	0x2978      	GOTO       L_key33
L__key90:
;MyProject.c,270 :: 		MSdelay(100);
0x016E	0x3064      	MOVLW      100
0x016F	0x1683      	BSF        STATUS, 5
0x0170	0x00EE      	MOVWF      FARG_MSdelay_val
0x0171	0x3000      	MOVLW      0
0x0172	0x00EF      	MOVWF      FARG_MSdelay_val+1
0x0173	0x2003      	CALL       _MSdelay
;MyProject.c,272 :: 		rownum=3;
0x0174	0x3003      	MOVLW      3
0x0175	0x1283      	BCF        STATUS, 5
0x0176	0x00EE      	MOVWF      _rownum
;MyProject.c,273 :: 		break;
0x0177	0x2979      	GOTO       L_key19
;MyProject.c,274 :: 		}
L_key33:
;MyProject.c,275 :: 		}
0x0178	0x28FE      	GOTO       L_key18
L_key19:
;MyProject.c,278 :: 		if(COL1==0&&COL2!=0&&COL3!=0)//if COL1 is pressed
0x0179	0x1886      	BTFSC      RB1_bit, BitPos(RB1_bit+0)
0x017A	0x2987      	GOTO       L_key36
0x017B	0x1D06      	BTFSS      RB2_bit, BitPos(RB2_bit+0)
0x017C	0x2987      	GOTO       L_key36
0x017D	0x1D86      	BTFSS      RB3_bit, BitPos(RB3_bit+0)
0x017E	0x2987      	GOTO       L_key36
L__key89:
;MyProject.c,280 :: 		MSdelay(100);
0x017F	0x3064      	MOVLW      100
0x0180	0x1683      	BSF        STATUS, 5
0x0181	0x00EE      	MOVWF      FARG_MSdelay_val
0x0182	0x3000      	MOVLW      0
0x0183	0x00EF      	MOVWF      FARG_MSdelay_val+1
0x0184	0x2003      	CALL       _MSdelay
;MyProject.c,282 :: 		colnum=0;
0x0185	0x01D0      	CLRF       _colnum
;MyProject.c,283 :: 		}
0x0186	0x29A6      	GOTO       L_key37
L_key36:
;MyProject.c,284 :: 		else if(COL1!=0&&COL2==0&&COL3!=0)//if COL2 is pressed
0x0187	0x1283      	BCF        STATUS, 5
0x0188	0x1C86      	BTFSS      RB1_bit, BitPos(RB1_bit+0)
0x0189	0x2997      	GOTO       L_key40
0x018A	0x1906      	BTFSC      RB2_bit, BitPos(RB2_bit+0)
0x018B	0x2997      	GOTO       L_key40
0x018C	0x1D86      	BTFSS      RB3_bit, BitPos(RB3_bit+0)
0x018D	0x2997      	GOTO       L_key40
L__key88:
;MyProject.c,286 :: 		MSdelay(100);
0x018E	0x3064      	MOVLW      100
0x018F	0x1683      	BSF        STATUS, 5
0x0190	0x00EE      	MOVWF      FARG_MSdelay_val
0x0191	0x3000      	MOVLW      0
0x0192	0x00EF      	MOVWF      FARG_MSdelay_val+1
0x0193	0x2003      	CALL       _MSdelay
;MyProject.c,288 :: 		colnum=1;
0x0194	0x3001      	MOVLW      1
0x0195	0x00D0      	MOVWF      _colnum
;MyProject.c,289 :: 		}
0x0196	0x29A6      	GOTO       L_key41
L_key40:
;MyProject.c,290 :: 		else if(COL1!=0&&COL2!=0&&COL3==0)//if COL3 is pressed
0x0197	0x1283      	BCF        STATUS, 5
0x0198	0x1C86      	BTFSS      RB1_bit, BitPos(RB1_bit+0)
0x0199	0x29A6      	GOTO       L_key44
0x019A	0x1D06      	BTFSS      RB2_bit, BitPos(RB2_bit+0)
0x019B	0x29A6      	GOTO       L_key44
0x019C	0x1986      	BTFSC      RB3_bit, BitPos(RB3_bit+0)
0x019D	0x29A6      	GOTO       L_key44
L__key87:
;MyProject.c,292 :: 		MSdelay(100);
0x019E	0x3064      	MOVLW      100
0x019F	0x1683      	BSF        STATUS, 5
0x01A0	0x00EE      	MOVWF      FARG_MSdelay_val
0x01A1	0x3000      	MOVLW      0
0x01A2	0x00EF      	MOVWF      FARG_MSdelay_val+1
0x01A3	0x2003      	CALL       _MSdelay
;MyProject.c,294 :: 		colnum=2;
0x01A4	0x3002      	MOVLW      2
0x01A5	0x00D0      	MOVWF      _colnum
;MyProject.c,295 :: 		}
L_key44:
L_key41:
L_key37:
;MyProject.c,298 :: 		while(COL1==0||COL2==0||COL3==0);//to prevent from debouncing to filter out unwanted signals and ensure that only one button press is registered.
L_key45:
0x01A6	0x1283      	BCF        STATUS, 5
0x01A7	0x1C86      	BTFSS      RB1_bit, BitPos(RB1_bit+0)
0x01A8	0x29AE      	GOTO       L__key86
0x01A9	0x1D06      	BTFSS      RB2_bit, BitPos(RB2_bit+0)
0x01AA	0x29AE      	GOTO       L__key86
0x01AB	0x1D86      	BTFSS      RB3_bit, BitPos(RB3_bit+0)
0x01AC	0x29AE      	GOTO       L__key86
0x01AD	0x29AF      	GOTO       L_key46
L__key86:
0x01AE	0x29A6      	GOTO       L_key45
L_key46:
;MyProject.c,300 :: 		return (keypad[rownum][colnum]);
0x01AF	0x3003      	MOVLW      3
0x01B0	0x00F0      	MOVWF      R0
0x01B1	0x086E      	MOVF       _rownum, 0
0x01B2	0x00F4      	MOVWF      R4
0x01B3	0x2056      	CALL       _Mul_8X8_U
0x01B4	0x3027      	MOVLW      _keypad
0x01B5	0x07F0      	ADDWF      R0, 1
0x01B6	0x1683      	BSF        STATUS, 5
0x01B7	0x0850      	MOVF       _colnum, 0
0x01B8	0x0770      	ADDWF      R0, 0
0x01B9	0x0084      	MOVWF      FSR
0x01BA	0x0800      	MOVF       INDF, 0
0x01BB	0x00F0      	MOVWF      R0
;MyProject.c,301 :: 		}
L_end_key:
0x01BC	0x0008      	RETURN
; end of _key
_LCD_Clear:
;MyProject.c,217 :: 		void LCD_Clear()
;MyProject.c,219 :: 		LCD_Command(0x01);  //clear display screen/
0x01BD	0x3001      	MOVLW      1
0x01BE	0x1683      	BSF        STATUS, 5
0x01BF	0x1303      	BCF        STATUS, 6
0x01C0	0x00EC      	MOVWF      FARG_LCD_command_cmnd
0x01C1	0x208C      	CALL       _LCD_command
;MyProject.c,220 :: 		MSdelay(3);
0x01C2	0x3003      	MOVLW      3
0x01C3	0x00EE      	MOVWF      FARG_MSdelay_val
0x01C4	0x3000      	MOVLW      0
0x01C5	0x00EF      	MOVWF      FARG_MSdelay_val+1
0x01C6	0x2003      	CALL       _MSdelay
;MyProject.c,221 :: 		}
L_end_LCD_Clear:
0x01C7	0x0008      	RETURN
; end of _LCD_Clear
_____DoICP:
;__Lib_System.c,6 :: 		
;__Lib_System.c,9 :: 		
0x01C8	0x1683      	BSF        STATUS, 5
0x01C9	0x1303      	BCF        STATUS, 6
0x01CA	0x0862      	MOVF       ___DoICPAddr+1, 0
0x01CB	0x008A      	MOVWF      PCLATH
;__Lib_System.c,10 :: 		
0x01CC	0x0861      	MOVF       ___DoICPAddr, 0
0x01CD	0x0082      	MOVWF      PCL
;__Lib_System.c,12 :: 		
L_end_____DoICP:
0x01CE	0x0008      	RETURN
; end of _____DoICP
_WordToStr:
;__Lib_Conversions.c,98 :: 		
;__Lib_Conversions.c,103 :: 		
0x01CF	0x1683      	BSF        STATUS, 5
0x01D0	0x1303      	BCF        STATUS, 6
0x01D1	0x01EA      	CLRF       WordToStr_len_L0
L_WordToStr11:
0x01D2	0x3005      	MOVLW      5
0x01D3	0x026A      	SUBWF      WordToStr_len_L0, 0
0x01D4	0x1803      	BTFSC      STATUS, 0
0x01D5	0x29DD      	GOTO       L_WordToStr12
;__Lib_Conversions.c,104 :: 		
0x01D6	0x086A      	MOVF       WordToStr_len_L0, 0
0x01D7	0x0769      	ADDWF      FARG_WordToStr_output, 0
0x01D8	0x0084      	MOVWF      FSR
0x01D9	0x3020      	MOVLW      32
0x01DA	0x0080      	MOVWF      INDF
;__Lib_Conversions.c,103 :: 		
0x01DB	0x0AEA      	INCF       WordToStr_len_L0, 1
;__Lib_Conversions.c,104 :: 		
0x01DC	0x29D2      	GOTO       L_WordToStr11
L_WordToStr12:
;__Lib_Conversions.c,105 :: 		
0x01DD	0x086A      	MOVF       WordToStr_len_L0, 0
0x01DE	0x0769      	ADDWF      FARG_WordToStr_output, 0
0x01DF	0x0084      	MOVWF      FSR
0x01E0	0x0180      	CLRF       INDF
0x01E1	0x03EA      	DECF       WordToStr_len_L0, 1
;__Lib_Conversions.c,107 :: 		
L_WordToStr14:
;__Lib_Conversions.c,108 :: 		
0x01E2	0x086A      	MOVF       WordToStr_len_L0, 0
0x01E3	0x0769      	ADDWF      FARG_WordToStr_output, 0
0x01E4	0x00EB      	MOVWF      FLOC__WordToStr
0x01E5	0x300A      	MOVLW      10
0x01E6	0x00F4      	MOVWF      R4
0x01E7	0x01F5      	CLRF       R4+1
0x01E8	0x0867      	MOVF       FARG_WordToStr_input, 0
0x01E9	0x00F0      	MOVWF      R0
0x01EA	0x0868      	MOVF       FARG_WordToStr_input+1, 0
0x01EB	0x00F1      	MOVWF      R0+1
0x01EC	0x206F      	CALL       _Div_16X16_U
0x01ED	0x0878      	MOVF       R8, 0
0x01EE	0x00F0      	MOVWF      R0
0x01EF	0x0879      	MOVF       R8+1, 0
0x01F0	0x00F1      	MOVWF      R0+1
0x01F1	0x3030      	MOVLW      48
0x01F2	0x07F0      	ADDWF      R0, 1
0x01F3	0x1683      	BSF        STATUS, 5
0x01F4	0x086B      	MOVF       FLOC__WordToStr, 0
0x01F5	0x0084      	MOVWF      FSR
0x01F6	0x0870      	MOVF       R0, 0
0x01F7	0x0080      	MOVWF      INDF
;__Lib_Conversions.c,109 :: 		
0x01F8	0x300A      	MOVLW      10
0x01F9	0x00F4      	MOVWF      R4
0x01FA	0x01F5      	CLRF       R4+1
0x01FB	0x0867      	MOVF       FARG_WordToStr_input, 0
0x01FC	0x00F0      	MOVWF      R0
0x01FD	0x0868      	MOVF       FARG_WordToStr_input+1, 0
0x01FE	0x00F1      	MOVWF      R0+1
0x01FF	0x206F      	CALL       _Div_16X16_U
0x0200	0x0870      	MOVF       R0, 0
0x0201	0x1683      	BSF        STATUS, 5
0x0202	0x00E7      	MOVWF      FARG_WordToStr_input
0x0203	0x0871      	MOVF       R0+1, 0
0x0204	0x00E8      	MOVWF      FARG_WordToStr_input+1
;__Lib_Conversions.c,110 :: 		
0x0205	0x3000      	MOVLW      0
0x0206	0x0671      	XORWF      R0+1, 0
0x0207	0x1D03      	BTFSS      STATUS, 2
0x0208	0x2A0B      	GOTO       L__WordToStr379
0x0209	0x3000      	MOVLW      0
0x020A	0x0670      	XORWF      R0, 0
L__WordToStr379:
0x020B	0x1D03      	BTFSS      STATUS, 2
0x020C	0x2A0E      	GOTO       L_WordToStr16
;__Lib_Conversions.c,111 :: 		
0x020D	0x2A10      	GOTO       L_WordToStr15
L_WordToStr16:
;__Lib_Conversions.c,112 :: 		
0x020E	0x03EA      	DECF       WordToStr_len_L0, 1
;__Lib_Conversions.c,113 :: 		
0x020F	0x29E2      	GOTO       L_WordToStr14
L_WordToStr15:
;__Lib_Conversions.c,114 :: 		
L_end_WordToStr:
0x0210	0x0008      	RETURN
; end of _WordToStr
_entercoins:
;MyProject.c,305 :: 		void entercoins()
;MyProject.c,307 :: 		LCD_String_xy(1,0,"Waiting.. :)");
0x0211	0x3001      	MOVLW      1
0x0212	0x1683      	BSF        STATUS, 5
0x0213	0x1303      	BCF        STATUS, 6
0x0214	0x00E7      	MOVWF      FARG_LCD_String_xy_row
0x0215	0x01E8      	CLRF       FARG_LCD_String_xy_pos
0x0216	0x30C3      	MOVLW      ?lstr4_MyProject
0x0217	0x00E9      	MOVWF      FARG_LCD_String_xy_str
0x0218	0x20D0      	CALL       _LCD_String_xy
;MyProject.c,308 :: 		MSdelay(500);
0x0219	0x30F4      	MOVLW      244
0x021A	0x00EE      	MOVWF      FARG_MSdelay_val
0x021B	0x3001      	MOVLW      1
0x021C	0x00EF      	MOVWF      FARG_MSdelay_val+1
0x021D	0x2003      	CALL       _MSdelay
;MyProject.c,309 :: 		LCD_Clear();
0x021E	0x21BD      	CALL       _LCD_Clear
;MyProject.c,311 :: 		LCD_String_xy(1,0,"Balance:");
0x021F	0x3001      	MOVLW      1
0x0220	0x00E7      	MOVWF      FARG_LCD_String_xy_row
0x0221	0x01E8      	CLRF       FARG_LCD_String_xy_pos
0x0222	0x30BA      	MOVLW      ?lstr5_MyProject
0x0223	0x00E9      	MOVWF      FARG_LCD_String_xy_str
0x0224	0x20D0      	CALL       _LCD_String_xy
;MyProject.c,314 :: 		if(PORTC & 0x10)
0x0225	0x1283      	BCF        STATUS, 5
0x0226	0x1E07      	BTFSS      PORTC, 4
0x0227	0x2A57      	GOTO       L_entercoins49
;MyProject.c,316 :: 		bal=bal+5;
0x0228	0x3005      	MOVLW      5
0x0229	0x07EC      	ADDWF      _bal, 1
0x022A	0x1803      	BTFSC      STATUS, 0
0x022B	0x0AED      	INCF       _bal+1, 1
;MyProject.c,317 :: 		MSdelay(1000);
0x022C	0x30E8      	MOVLW      232
0x022D	0x1683      	BSF        STATUS, 5
0x022E	0x00EE      	MOVWF      FARG_MSdelay_val
0x022F	0x3003      	MOVLW      3
0x0230	0x00EF      	MOVWF      FARG_MSdelay_val+1
0x0231	0x2003      	CALL       _MSdelay
;MyProject.c,318 :: 		WordToStr(bal,balval);
0x0232	0x1283      	BCF        STATUS, 5
0x0233	0x086C      	MOVF       _bal, 0
0x0234	0x1683      	BSF        STATUS, 5
0x0235	0x00E7      	MOVWF      FARG_WordToStr_input
0x0236	0x1283      	BCF        STATUS, 5
0x0237	0x086D      	MOVF       _bal+1, 0
0x0238	0x1683      	BSF        STATUS, 5
0x0239	0x00E8      	MOVWF      FARG_WordToStr_input+1
0x023A	0x30D1      	MOVLW      _balval
0x023B	0x00E9      	MOVWF      FARG_WordToStr_output
0x023C	0x21CF      	CALL       _WordToStr
;MyProject.c,320 :: 		LCD_String_xy(2,3,balval);
0x023D	0x3002      	MOVLW      2
0x023E	0x00E7      	MOVWF      FARG_LCD_String_xy_row
0x023F	0x3003      	MOVLW      3
0x0240	0x00E8      	MOVWF      FARG_LCD_String_xy_pos
0x0241	0x30D1      	MOVLW      _balval
0x0242	0x00E9      	MOVWF      FARG_LCD_String_xy_str
0x0243	0x20D0      	CALL       _LCD_String_xy
;MyProject.c,321 :: 		LCD_String_xy(2,10,"fils");
0x0244	0x3002      	MOVLW      2
0x0245	0x00E7      	MOVWF      FARG_LCD_String_xy_row
0x0246	0x300A      	MOVLW      10
0x0247	0x00E8      	MOVWF      FARG_LCD_String_xy_pos
0x0248	0x3037      	MOVLW      ?lstr6_MyProject
0x0249	0x00E9      	MOVWF      FARG_LCD_String_xy_str
0x024A	0x20D0      	CALL       _LCD_String_xy
;MyProject.c,322 :: 		LCD_String_xy(1,13,":");
0x024B	0x3001      	MOVLW      1
0x024C	0x00E7      	MOVWF      FARG_LCD_String_xy_row
0x024D	0x300D      	MOVLW      13
0x024E	0x00E8      	MOVWF      FARG_LCD_String_xy_pos
0x024F	0x3035      	MOVLW      ?lstr7_MyProject
0x0250	0x00E9      	MOVWF      FARG_LCD_String_xy_str
0x0251	0x20D0      	CALL       _LCD_String_xy
;MyProject.c,325 :: 		MSdelay(1000);
0x0252	0x30E8      	MOVLW      232
0x0253	0x00EE      	MOVWF      FARG_MSdelay_val
0x0254	0x3003      	MOVLW      3
0x0255	0x00EF      	MOVWF      FARG_MSdelay_val+1
0x0256	0x2003      	CALL       _MSdelay
;MyProject.c,326 :: 		}
L_entercoins49:
;MyProject.c,328 :: 		if(PORTC & 0x20)
0x0257	0x1283      	BCF        STATUS, 5
0x0258	0x1E87      	BTFSS      PORTC, 5
0x0259	0x2A8E      	GOTO       L_entercoins50
;MyProject.c,330 :: 		MSdelay(1000);
0x025A	0x30E8      	MOVLW      232
0x025B	0x1683      	BSF        STATUS, 5
0x025C	0x00EE      	MOVWF      FARG_MSdelay_val
0x025D	0x3003      	MOVLW      3
0x025E	0x00EF      	MOVWF      FARG_MSdelay_val+1
0x025F	0x2003      	CALL       _MSdelay
;MyProject.c,331 :: 		bal=bal+50;
0x0260	0x3032      	MOVLW      50
0x0261	0x1283      	BCF        STATUS, 5
0x0262	0x076C      	ADDWF      _bal, 0
0x0263	0x00F0      	MOVWF      R0
0x0264	0x086D      	MOVF       _bal+1, 0
0x0265	0x1803      	BTFSC      STATUS, 0
0x0266	0x3E01      	ADDLW      1
0x0267	0x00F1      	MOVWF      R0+1
0x0268	0x0870      	MOVF       R0, 0
0x0269	0x00EC      	MOVWF      _bal
0x026A	0x0871      	MOVF       R0+1, 0
0x026B	0x00ED      	MOVWF      _bal+1
;MyProject.c,332 :: 		WordToStr(bal,balval);
0x026C	0x0870      	MOVF       R0, 0
0x026D	0x1683      	BSF        STATUS, 5
0x026E	0x00E7      	MOVWF      FARG_WordToStr_input
0x026F	0x0871      	MOVF       R0+1, 0
0x0270	0x00E8      	MOVWF      FARG_WordToStr_input+1
0x0271	0x30D1      	MOVLW      _balval
0x0272	0x00E9      	MOVWF      FARG_WordToStr_output
0x0273	0x21CF      	CALL       _WordToStr
;MyProject.c,334 :: 		LCD_String_xy(2,3,balval);
0x0274	0x3002      	MOVLW      2
0x0275	0x00E7      	MOVWF      FARG_LCD_String_xy_row
0x0276	0x3003      	MOVLW      3
0x0277	0x00E8      	MOVWF      FARG_LCD_String_xy_pos
0x0278	0x30D1      	MOVLW      _balval
0x0279	0x00E9      	MOVWF      FARG_LCD_String_xy_str
0x027A	0x20D0      	CALL       _LCD_String_xy
;MyProject.c,335 :: 		LCD_String_xy(2,10,"fils");
0x027B	0x3002      	MOVLW      2
0x027C	0x00E7      	MOVWF      FARG_LCD_String_xy_row
0x027D	0x300A      	MOVLW      10
0x027E	0x00E8      	MOVWF      FARG_LCD_String_xy_pos
0x027F	0x3043      	MOVLW      ?lstr8_MyProject
0x0280	0x00E9      	MOVWF      FARG_LCD_String_xy_str
0x0281	0x20D0      	CALL       _LCD_String_xy
;MyProject.c,336 :: 		LCD_String_xy(1,13,":");
0x0282	0x3001      	MOVLW      1
0x0283	0x00E7      	MOVWF      FARG_LCD_String_xy_row
0x0284	0x300D      	MOVLW      13
0x0285	0x00E8      	MOVWF      FARG_LCD_String_xy_pos
0x0286	0x3041      	MOVLW      ?lstr9_MyProject
0x0287	0x00E9      	MOVWF      FARG_LCD_String_xy_str
0x0288	0x20D0      	CALL       _LCD_String_xy
;MyProject.c,338 :: 		MSdelay(1000);
0x0289	0x30E8      	MOVLW      232
0x028A	0x00EE      	MOVWF      FARG_MSdelay_val
0x028B	0x3003      	MOVLW      3
0x028C	0x00EF      	MOVWF      FARG_MSdelay_val+1
0x028D	0x2003      	CALL       _MSdelay
;MyProject.c,339 :: 		}
L_entercoins50:
;MyProject.c,342 :: 		if (PORTC & 0x40)
0x028E	0x1283      	BCF        STATUS, 5
0x028F	0x1F07      	BTFSS      PORTC, 6
0x0290	0x2AC5      	GOTO       L_entercoins51
;MyProject.c,344 :: 		MSdelay(1000);
0x0291	0x30E8      	MOVLW      232
0x0292	0x1683      	BSF        STATUS, 5
0x0293	0x00EE      	MOVWF      FARG_MSdelay_val
0x0294	0x3003      	MOVLW      3
0x0295	0x00EF      	MOVWF      FARG_MSdelay_val+1
0x0296	0x2003      	CALL       _MSdelay
;MyProject.c,345 :: 		bal=bal+25;
0x0297	0x3019      	MOVLW      25
0x0298	0x1283      	BCF        STATUS, 5
0x0299	0x076C      	ADDWF      _bal, 0
0x029A	0x00F0      	MOVWF      R0
0x029B	0x086D      	MOVF       _bal+1, 0
0x029C	0x1803      	BTFSC      STATUS, 0
0x029D	0x3E01      	ADDLW      1
0x029E	0x00F1      	MOVWF      R0+1
0x029F	0x0870      	MOVF       R0, 0
0x02A0	0x00EC      	MOVWF      _bal
0x02A1	0x0871      	MOVF       R0+1, 0
0x02A2	0x00ED      	MOVWF      _bal+1
;MyProject.c,346 :: 		WordToStr(bal,balval);
0x02A3	0x0870      	MOVF       R0, 0
0x02A4	0x1683      	BSF        STATUS, 5
0x02A5	0x00E7      	MOVWF      FARG_WordToStr_input
0x02A6	0x0871      	MOVF       R0+1, 0
0x02A7	0x00E8      	MOVWF      FARG_WordToStr_input+1
0x02A8	0x30D1      	MOVLW      _balval
0x02A9	0x00E9      	MOVWF      FARG_WordToStr_output
0x02AA	0x21CF      	CALL       _WordToStr
;MyProject.c,348 :: 		LCD_String_xy(2,3,balval);
0x02AB	0x3002      	MOVLW      2
0x02AC	0x00E7      	MOVWF      FARG_LCD_String_xy_row
0x02AD	0x3003      	MOVLW      3
0x02AE	0x00E8      	MOVWF      FARG_LCD_String_xy_pos
0x02AF	0x30D1      	MOVLW      _balval
0x02B0	0x00E9      	MOVWF      FARG_LCD_String_xy_str
0x02B1	0x20D0      	CALL       _LCD_String_xy
;MyProject.c,349 :: 		LCD_String_xy(2,10,"fils");
0x02B2	0x3002      	MOVLW      2
0x02B3	0x00E7      	MOVWF      FARG_LCD_String_xy_row
0x02B4	0x300A      	MOVLW      10
0x02B5	0x00E8      	MOVWF      FARG_LCD_String_xy_pos
0x02B6	0x303C      	MOVLW      ?lstr10_MyProject
0x02B7	0x00E9      	MOVWF      FARG_LCD_String_xy_str
0x02B8	0x20D0      	CALL       _LCD_String_xy
;MyProject.c,350 :: 		LCD_String_xy(1,13,":");
0x02B9	0x3001      	MOVLW      1
0x02BA	0x00E7      	MOVWF      FARG_LCD_String_xy_row
0x02BB	0x300D      	MOVLW      13
0x02BC	0x00E8      	MOVWF      FARG_LCD_String_xy_pos
0x02BD	0x3033      	MOVLW      ?lstr11_MyProject
0x02BE	0x00E9      	MOVWF      FARG_LCD_String_xy_str
0x02BF	0x20D0      	CALL       _LCD_String_xy
;MyProject.c,352 :: 		MSdelay(1000);
0x02C0	0x30E8      	MOVLW      232
0x02C1	0x00EE      	MOVWF      FARG_MSdelay_val
0x02C2	0x3003      	MOVLW      3
0x02C3	0x00EF      	MOVWF      FARG_MSdelay_val+1
0x02C4	0x2003      	CALL       _MSdelay
;MyProject.c,353 :: 		}
L_entercoins51:
;MyProject.c,356 :: 		if(PORTC & 0x80)
0x02C5	0x1283      	BCF        STATUS, 5
0x02C6	0x1F87      	BTFSS      PORTC, 7
0x02C7	0x2AFC      	GOTO       L_entercoins52
;MyProject.c,358 :: 		MSdelay(1000);
0x02C8	0x30E8      	MOVLW      232
0x02C9	0x1683      	BSF        STATUS, 5
0x02CA	0x00EE      	MOVWF      FARG_MSdelay_val
0x02CB	0x3003      	MOVLW      3
0x02CC	0x00EF      	MOVWF      FARG_MSdelay_val+1
0x02CD	0x2003      	CALL       _MSdelay
;MyProject.c,359 :: 		bal=bal+10;
0x02CE	0x300A      	MOVLW      10
0x02CF	0x1283      	BCF        STATUS, 5
0x02D0	0x076C      	ADDWF      _bal, 0
0x02D1	0x00F0      	MOVWF      R0
0x02D2	0x086D      	MOVF       _bal+1, 0
0x02D3	0x1803      	BTFSC      STATUS, 0
0x02D4	0x3E01      	ADDLW      1
0x02D5	0x00F1      	MOVWF      R0+1
0x02D6	0x0870      	MOVF       R0, 0
0x02D7	0x00EC      	MOVWF      _bal
0x02D8	0x0871      	MOVF       R0+1, 0
0x02D9	0x00ED      	MOVWF      _bal+1
;MyProject.c,360 :: 		WordToStr(bal,balval);
0x02DA	0x0870      	MOVF       R0, 0
0x02DB	0x1683      	BSF        STATUS, 5
0x02DC	0x00E7      	MOVWF      FARG_WordToStr_input
0x02DD	0x0871      	MOVF       R0+1, 0
0x02DE	0x00E8      	MOVWF      FARG_WordToStr_input+1
0x02DF	0x30D1      	MOVLW      _balval
0x02E0	0x00E9      	MOVWF      FARG_WordToStr_output
0x02E1	0x21CF      	CALL       _WordToStr
;MyProject.c,362 :: 		LCD_String_xy(2,3,balval);
0x02E2	0x3002      	MOVLW      2
0x02E3	0x00E7      	MOVWF      FARG_LCD_String_xy_row
0x02E4	0x3003      	MOVLW      3
0x02E5	0x00E8      	MOVWF      FARG_LCD_String_xy_pos
0x02E6	0x30D1      	MOVLW      _balval
0x02E7	0x00E9      	MOVWF      FARG_LCD_String_xy_str
0x02E8	0x20D0      	CALL       _LCD_String_xy
;MyProject.c,363 :: 		LCD_String_xy(2,10,"fils");
0x02E9	0x3002      	MOVLW      2
0x02EA	0x00E7      	MOVWF      FARG_LCD_String_xy_row
0x02EB	0x300A      	MOVLW      10
0x02EC	0x00E8      	MOVWF      FARG_LCD_String_xy_pos
0x02ED	0x3022      	MOVLW      ?lstr12_MyProject
0x02EE	0x00E9      	MOVWF      FARG_LCD_String_xy_str
0x02EF	0x20D0      	CALL       _LCD_String_xy
;MyProject.c,364 :: 		LCD_String_xy(1,13,":");
0x02F0	0x3001      	MOVLW      1
0x02F1	0x00E7      	MOVWF      FARG_LCD_String_xy_row
0x02F2	0x300D      	MOVLW      13
0x02F3	0x00E8      	MOVWF      FARG_LCD_String_xy_pos
0x02F4	0x3020      	MOVLW      ?lstr13_MyProject
0x02F5	0x00E9      	MOVWF      FARG_LCD_String_xy_str
0x02F6	0x20D0      	CALL       _LCD_String_xy
;MyProject.c,366 :: 		MSdelay(1000);
0x02F7	0x30E8      	MOVLW      232
0x02F8	0x00EE      	MOVWF      FARG_MSdelay_val
0x02F9	0x3003      	MOVLW      3
0x02FA	0x00EF      	MOVWF      FARG_MSdelay_val+1
0x02FB	0x2003      	CALL       _MSdelay
;MyProject.c,367 :: 		}
L_entercoins52:
;MyProject.c,370 :: 		}
L_end_entercoins:
0x02FC	0x0008      	RETURN
; end of _entercoins
_setPassword:
;MyProject.c,375 :: 		void setPassword()
;MyProject.c,377 :: 		LCD_String_xy(1,0,"Enter pass:");
0x02FD	0x3001      	MOVLW      1
0x02FE	0x1683      	BSF        STATUS, 5
0x02FF	0x1303      	BCF        STATUS, 6
0x0300	0x00E7      	MOVWF      FARG_LCD_String_xy_row
0x0301	0x01E8      	CLRF       FARG_LCD_String_xy_pos
0x0302	0x3048      	MOVLW      ?lstr14_MyProject
0x0303	0x00E9      	MOVWF      FARG_LCD_String_xy_str
0x0304	0x20D0      	CALL       _LCD_String_xy
;MyProject.c,378 :: 		index = 0;
0x0305	0x01D8      	CLRF       _index
0x0306	0x01D9      	CLRF       _index+1
;MyProject.c,380 :: 		while (index < PASSWORD_LENGTH)
L_setPassword53:
0x0307	0x3080      	MOVLW      128
0x0308	0x0659      	XORWF      _index+1, 0
0x0309	0x00F0      	MOVWF      R0
0x030A	0x3080      	MOVLW      128
0x030B	0x0270      	SUBWF      R0, 0
0x030C	0x1D03      	BTFSS      STATUS, 2
0x030D	0x2B10      	GOTO       L__setPassword122
0x030E	0x3004      	MOVLW      4
0x030F	0x0258      	SUBWF      _index, 0
L__setPassword122:
0x0310	0x1803      	BTFSC      STATUS, 0
0x0311	0x2B2A      	GOTO       L_setPassword54
;MyProject.c,382 :: 		kp = key();
0x0312	0x20F4      	CALL       _key
0x0313	0x0870      	MOVF       R0, 0
0x0314	0x00D7      	MOVWF      _kp
;MyProject.c,383 :: 		pass[index] = kp;
0x0315	0x0858      	MOVF       _index, 0
0x0316	0x3EDA      	ADDLW      _pass
0x0317	0x0084      	MOVWF      FSR
0x0318	0x0870      	MOVF       R0, 0
0x0319	0x0080      	MOVWF      INDF
;MyProject.c,384 :: 		LCD_String_xy(2,index,"*");
0x031A	0x3002      	MOVLW      2
0x031B	0x00E7      	MOVWF      FARG_LCD_String_xy_row
0x031C	0x0858      	MOVF       _index, 0
0x031D	0x00E8      	MOVWF      FARG_LCD_String_xy_pos
0x031E	0x3062      	MOVLW      ?lstr15_MyProject
0x031F	0x00E9      	MOVWF      FARG_LCD_String_xy_str
0x0320	0x20D0      	CALL       _LCD_String_xy
;MyProject.c,385 :: 		index++;
0x0321	0x0AD8      	INCF       _index, 1
0x0322	0x1903      	BTFSC      STATUS, 2
0x0323	0x0AD9      	INCF       _index+1, 1
;MyProject.c,386 :: 		MSdelay(500);
0x0324	0x30F4      	MOVLW      244
0x0325	0x00EE      	MOVWF      FARG_MSdelay_val
0x0326	0x3001      	MOVLW      1
0x0327	0x00EF      	MOVWF      FARG_MSdelay_val+1
0x0328	0x2003      	CALL       _MSdelay
;MyProject.c,387 :: 		}
0x0329	0x2B07      	GOTO       L_setPassword53
L_setPassword54:
;MyProject.c,389 :: 		LCD_Clear();
0x032A	0x21BD      	CALL       _LCD_Clear
;MyProject.c,390 :: 		LCD_String_xy(1,0,"Password set.");
0x032B	0x3001      	MOVLW      1
0x032C	0x00E7      	MOVWF      FARG_LCD_String_xy_row
0x032D	0x01E8      	CLRF       FARG_LCD_String_xy_pos
0x032E	0x3054      	MOVLW      ?lstr16_MyProject
0x032F	0x00E9      	MOVWF      FARG_LCD_String_xy_str
0x0330	0x20D0      	CALL       _LCD_String_xy
;MyProject.c,391 :: 		MSdelay(1000);
0x0331	0x30E8      	MOVLW      232
0x0332	0x00EE      	MOVWF      FARG_MSdelay_val
0x0333	0x3003      	MOVLW      3
0x0334	0x00EF      	MOVWF      FARG_MSdelay_val+1
0x0335	0x2003      	CALL       _MSdelay
;MyProject.c,392 :: 		LCD_Clear();
0x0336	0x21BD      	CALL       _LCD_Clear
;MyProject.c,393 :: 		}
L_end_setPassword:
0x0337	0x0008      	RETURN
; end of _setPassword
_LCD_Initialize:
;MyProject.c,148 :: 		void LCD_Initialize () /* LCD Initialize function */
;MyProject.c,150 :: 		LCD_Port = 0x00;       //PORT as Output Port/
0x0338	0x1683      	BSF        STATUS, 5
0x0339	0x1303      	BCF        STATUS, 6
0x033A	0x0188      	CLRF       TRISD
;MyProject.c,151 :: 		delay_ms(20);        //15ms,16x2 LCD Power on delay/
0x033B	0x3034      	MOVLW      52
0x033C	0x00FC      	MOVWF      R12
0x033D	0x30F1      	MOVLW      241
0x033E	0x00FD      	MOVWF      R13
L_LCD_Initialize9:
0x033F	0x0BFD      	DECFSZ     R13, 1
0x0340	0x2B3F      	GOTO       L_LCD_Initialize9
0x0341	0x0BFC      	DECFSZ     R12, 1
0x0342	0x2B3F      	GOTO       L_LCD_Initialize9
0x0343	0x0000      	NOP
0x0344	0x0000      	NOP
;MyProject.c,152 :: 		LCD_Command(0x02);  /*send for initialization of LCD for nibble (4-bit) mode */
0x0345	0x3002      	MOVLW      2
0x0346	0x00EC      	MOVWF      FARG_LCD_command_cmnd
0x0347	0x208C      	CALL       _LCD_command
;MyProject.c,153 :: 		LCD_Command(0x28);  //use 2 line and initialize 5*8 matrix in (4-bit mode)/
0x0348	0x3028      	MOVLW      40
0x0349	0x00EC      	MOVWF      FARG_LCD_command_cmnd
0x034A	0x208C      	CALL       _LCD_command
;MyProject.c,154 :: 		LCD_Command(0x01);  //clear display screen/
0x034B	0x3001      	MOVLW      1
0x034C	0x00EC      	MOVWF      FARG_LCD_command_cmnd
0x034D	0x208C      	CALL       _LCD_command
;MyProject.c,155 :: 		LCD_Command(0x0c);  //display on cursor off/
0x034E	0x300C      	MOVLW      12
0x034F	0x00EC      	MOVWF      FARG_LCD_command_cmnd
0x0350	0x208C      	CALL       _LCD_command
;MyProject.c,156 :: 		LCD_Command(0x06);  //increment cursor (shift cursor to right)/
0x0351	0x3006      	MOVLW      6
0x0352	0x00EC      	MOVWF      FARG_LCD_command_cmnd
0x0353	0x208C      	CALL       _LCD_command
;MyProject.c,157 :: 		}
L_end_LCD_Initialize:
0x0354	0x0008      	RETURN
; end of _LCD_Initialize
_pwm_init:
;MyProject.c,480 :: 		void pwm_init() {
;MyProject.c,481 :: 		TRISC = TRISC & 0xF9;      // Set RC2 pin as output
0x0355	0x30F9      	MOVLW      249
0x0356	0x1683      	BSF        STATUS, 5
0x0357	0x1303      	BCF        STATUS, 6
0x0358	0x0587      	ANDWF      TRISC, 1
;MyProject.c,484 :: 		CCP1CON = 0x0C;
0x0359	0x300C      	MOVLW      12
0x035A	0x1283      	BCF        STATUS, 5
0x035B	0x0097      	MOVWF      CCP1CON
;MyProject.c,486 :: 		CCP2CON = 0x0C;
0x035C	0x300C      	MOVLW      12
0x035D	0x009D      	MOVWF      CCP2CON
;MyProject.c,488 :: 		T2CON = T2CON | 0x07;
0x035E	0x3007      	MOVLW      7
0x035F	0x0492      	IORWF      T2CON, 1
;MyProject.c,490 :: 		PR2 = 249; // Set period register for 50Hz frequency
0x0360	0x30F9      	MOVLW      249
0x0361	0x1683      	BSF        STATUS, 5
0x0362	0x0092      	MOVWF      PR2
;MyProject.c,491 :: 		}
L_end_pwm_init:
0x0363	0x0008      	RETURN
; end of _pwm_init
___CC2DW:
;__Lib_System.c,134 :: 		
;__Lib_System.c,137 :: 		
_CC2D_Loop1:
;__Lib_System.c,139 :: 		
0x0364	0x21C8      	CALL       _____DoICP
0x0365	0x118A      	BCF        PCLATH, 3
0x0366	0x120A      	BCF        PCLATH, 4
;__Lib_System.c,141 :: 		
0x0367	0x0080      	MOVWF      INDF
;__Lib_System.c,142 :: 		
0x0368	0x0A84      	INCF       FSR, 1
;__Lib_System.c,143 :: 		
0x0369	0x0AE1      	INCF       ___DoICPAddr, 1
;__Lib_System.c,145 :: 		
0x036A	0x1903      	BTFSC      STATUS, 2
;__Lib_System.c,146 :: 		
0x036B	0x0AE2      	INCF       ___DoICPAddr+1, 1
;__Lib_System.c,147 :: 		
0x036C	0x03F0      	DECF       R0, 1
;__Lib_System.c,149 :: 		
0x036D	0x1D03      	BTFSS      STATUS, 2
;__Lib_System.c,150 :: 		
0x036E	0x2B64      	GOTO       _CC2D_Loop1
;__Lib_System.c,152 :: 		
L_end___CC2DW:
0x036F	0x0008      	RETURN
; end of ___CC2DW
_set_servo_position:
;MyProject.c,513 :: 		void set_servo_position(int degrees) {
;MyProject.c,514 :: 		int pulse_width = (degrees + 90) * 8 + 500; // Calculate pulse width (500 to 2400)
0x0370	0x305A      	MOVLW      90
0x0371	0x1683      	BSF        STATUS, 5
0x0372	0x1303      	BCF        STATUS, 6
0x0373	0x0765      	ADDWF      FARG_set_servo_position_degrees, 0
0x0374	0x00F3      	MOVWF      R3
0x0375	0x0866      	MOVF       FARG_set_servo_position_degrees+1, 0
0x0376	0x1803      	BTFSC      STATUS, 0
0x0377	0x3E01      	ADDLW      1
0x0378	0x00F4      	MOVWF      R3+1
0x0379	0x3003      	MOVLW      3
0x037A	0x00F2      	MOVWF      R2
0x037B	0x0873      	MOVF       R3, 0
0x037C	0x00F0      	MOVWF      R0
0x037D	0x0874      	MOVF       R3+1, 0
0x037E	0x00F1      	MOVWF      R0+1
0x037F	0x0872      	MOVF       R2, 0
L__set_servo_position136:
0x0380	0x1903      	BTFSC      STATUS, 2
0x0381	0x2B87      	GOTO       L__set_servo_position137
0x0382	0x0DF0      	RLF        R0, 1
0x0383	0x0DF1      	RLF        R0+1, 1
0x0384	0x1070      	BCF        R0, 0
0x0385	0x3EFF      	ADDLW      255
0x0386	0x2B80      	GOTO       L__set_servo_position136
L__set_servo_position137:
0x0387	0x30F4      	MOVLW      244
0x0388	0x0770      	ADDWF      R0, 0
0x0389	0x00F3      	MOVWF      R3
0x038A	0x0871      	MOVF       R0+1, 0
0x038B	0x1803      	BTFSC      STATUS, 0
0x038C	0x3E01      	ADDLW      1
0x038D	0x3E01      	ADDLW      1
0x038E	0x00F4      	MOVWF      R3+1
;MyProject.c,515 :: 		CCPR1L = pulse_width >> 2; // Set CCPR1L register
0x038F	0x0873      	MOVF       R3, 0
0x0390	0x00F0      	MOVWF      R0
0x0391	0x0874      	MOVF       R3+1, 0
0x0392	0x00F1      	MOVWF      R0+1
0x0393	0x0CF1      	RRF        R0+1, 1
0x0394	0x0CF0      	RRF        R0, 1
0x0395	0x13F1      	BCF        R0+1, 7
0x0396	0x1B71      	BTFSC      R0+1, 6
0x0397	0x17F1      	BSF        R0+1, 7
0x0398	0x0CF1      	RRF        R0+1, 1
0x0399	0x0CF0      	RRF        R0, 1
0x039A	0x13F1      	BCF        R0+1, 7
0x039B	0x1B71      	BTFSC      R0+1, 6
0x039C	0x17F1      	BSF        R0+1, 7
0x039D	0x0870      	MOVF       R0, 0
0x039E	0x1283      	BCF        STATUS, 5
0x039F	0x0095      	MOVWF      CCPR1L
;MyProject.c,516 :: 		CCP1CON = (CCP1CON & 0xCF) | ((pulse_width & 0x03) << 4); // Set CCP1CON register
0x03A0	0x30CF      	MOVLW      207
0x03A1	0x0517      	ANDWF      CCP1CON, 0
0x03A2	0x00F5      	MOVWF      R5
0x03A3	0x3003      	MOVLW      3
0x03A4	0x0573      	ANDWF      R3, 0
0x03A5	0x00F2      	MOVWF      R2
0x03A6	0x0872      	MOVF       R2, 0
0x03A7	0x00F0      	MOVWF      R0
0x03A8	0x0DF0      	RLF        R0, 1
0x03A9	0x1070      	BCF        R0, 0
0x03AA	0x0DF0      	RLF        R0, 1
0x03AB	0x1070      	BCF        R0, 0
0x03AC	0x0DF0      	RLF        R0, 1
0x03AD	0x1070      	BCF        R0, 0
0x03AE	0x0DF0      	RLF        R0, 1
0x03AF	0x1070      	BCF        R0, 0
0x03B0	0x0870      	MOVF       R0, 0
0x03B1	0x0475      	IORWF      R5, 0
0x03B2	0x0097      	MOVWF      CCP1CON
;MyProject.c,517 :: 		Delay_ms(50*4); // Delay for the servo to reach the desired position
0x03B3	0x3003      	MOVLW      3
0x03B4	0x00FB      	MOVWF      R11
0x03B5	0x3008      	MOVLW      8
0x03B6	0x00FC      	MOVWF      R12
0x03B7	0x3077      	MOVLW      119
0x03B8	0x00FD      	MOVWF      R13
L_set_servo_position84:
0x03B9	0x0BFD      	DECFSZ     R13, 1
0x03BA	0x2BB9      	GOTO       L_set_servo_position84
0x03BB	0x0BFC      	DECFSZ     R12, 1
0x03BC	0x2BB9      	GOTO       L_set_servo_position84
0x03BD	0x0BFB      	DECFSZ     R11, 1
0x03BE	0x2BB9      	GOTO       L_set_servo_position84
;MyProject.c,518 :: 		}
L_end_set_servo_position:
0x03BF	0x0008      	RETURN
; end of _set_servo_position
_main:
0x03C0	0x24B2      	CALL       1202
;MyProject.c,76 :: 		void main()
;MyProject.c,79 :: 		pwm_init(); // Initialize PWM module
0x03C1	0x2355      	CALL       _pwm_init
;MyProject.c,80 :: 		set_servo_position(0); // Set servo position to -45 degrees
0x03C2	0x01E5      	CLRF       FARG_set_servo_position_degrees
0x03C3	0x01E6      	CLRF       FARG_set_servo_position_degrees+1
0x03C4	0x2370      	CALL       _set_servo_position
;MyProject.c,81 :: 		Delay_us(250); // Wait for a very short delay
0x03C5	0x30A6      	MOVLW      166
0x03C6	0x00FD      	MOVWF      R13
L_main0:
0x03C7	0x0BFD      	DECFSZ     R13, 1
0x03C8	0x2BC7      	GOTO       L_main0
0x03C9	0x0000      	NOP
;MyProject.c,82 :: 		TRISB = 0x0F;
0x03CA	0x300F      	MOVLW      15
0x03CB	0x1683      	BSF        STATUS, 5
0x03CC	0x0086      	MOVWF      TRISB
;MyProject.c,83 :: 		option_reg = option_reg&0x7F;
0x03CD	0x307F      	MOVLW      127
0x03CE	0x0581      	ANDWF      OPTION_REG, 1
;MyProject.c,86 :: 		TRISC=0XFF;
0x03CF	0x30FF      	MOVLW      255
0x03D0	0x0087      	MOVWF      TRISC
;MyProject.c,87 :: 		TRISD=0x00;
0x03D1	0x0188      	CLRF       TRISD
;MyProject.c,89 :: 		PORTC = 0x00;
0x03D2	0x1283      	BCF        STATUS, 5
0x03D3	0x0187      	CLRF       PORTC
;MyProject.c,90 :: 		PORTB= 0x00;
0x03D4	0x0186      	CLRF       PORTB
;MyProject.c,97 :: 		TRISC=0XF0;
0x03D5	0x30F0      	MOVLW      240
0x03D6	0x1683      	BSF        STATUS, 5
0x03D7	0x0087      	MOVWF      TRISC
;MyProject.c,99 :: 		LCD_Initialize();
0x03D8	0x2338      	CALL       _LCD_Initialize
;MyProject.c,102 :: 		setPassword();
0x03D9	0x22FD      	CALL       _setPassword
;MyProject.c,103 :: 		LCD_Clear();
0x03DA	0x21BD      	CALL       _LCD_Clear
;MyProject.c,104 :: 		MSdelay(2000);
0x03DB	0x30D0      	MOVLW      208
0x03DC	0x00EE      	MOVWF      FARG_MSdelay_val
0x03DD	0x3007      	MOVLW      7
0x03DE	0x00EF      	MOVWF      FARG_MSdelay_val+1
0x03DF	0x2003      	CALL       _MSdelay
;MyProject.c,110 :: 		while(1)
L_main1:
;MyProject.c,112 :: 		while(COL1 && COL2 && COL3)
L_main3:
0x03E0	0x1283      	BCF        STATUS, 5
0x03E1	0x1303      	BCF        STATUS, 6
0x03E2	0x1C86      	BTFSS      RB1_bit, BitPos(RB1_bit+0)
0x03E3	0x2BEA      	GOTO       L_main4
0x03E4	0x1D06      	BTFSS      RB2_bit, BitPos(RB2_bit+0)
0x03E5	0x2BEA      	GOTO       L_main4
0x03E6	0x1D86      	BTFSS      RB3_bit, BitPos(RB3_bit+0)
0x03E7	0x2BEA      	GOTO       L_main4
L__main85:
;MyProject.c,114 :: 		entercoins();
0x03E8	0x2211      	CALL       _entercoins
;MyProject.c,115 :: 		}
0x03E9	0x2BE0      	GOTO       L_main3
L_main4:
;MyProject.c,118 :: 		Sel=key();
0x03EA	0x20F4      	CALL       _key
0x03EB	0x0870      	MOVF       R0, 0
0x03EC	0x00DE      	MOVWF      _Sel
;MyProject.c,119 :: 		if(Sel == '*')
0x03ED	0x0870      	MOVF       R0, 0
0x03EE	0x3A2A      	XORLW      42
0x03EF	0x1D03      	BTFSS      STATUS, 2
0x03F0	0x2C0B      	GOTO       L_main7
;MyProject.c,122 :: 		LCD_String_xy(1,0,"Door opening");
0x03F1	0x3001      	MOVLW      1
0x03F2	0x00E7      	MOVWF      FARG_LCD_String_xy_row
0x03F3	0x01E8      	CLRF       FARG_LCD_String_xy_pos
0x03F4	0x30A0      	MOVLW      ?lstr1_MyProject
0x03F5	0x00E9      	MOVWF      FARG_LCD_String_xy_str
0x03F6	0x20D0      	CALL       _LCD_String_xy
;MyProject.c,123 :: 		set_servo_position(90); // Set servo position to 45 degrees
0x03F7	0x305A      	MOVLW      90
0x03F8	0x00E5      	MOVWF      FARG_set_servo_position_degrees
0x03F9	0x3000      	MOVLW      0
0x03FA	0x00E6      	MOVWF      FARG_set_servo_position_degrees+1
0x03FB	0x2370      	CALL       _set_servo_position
;MyProject.c,125 :: 		MSdelay(5000);
0x03FC	0x3088      	MOVLW      136
0x03FD	0x1683      	BSF        STATUS, 5
0x03FE	0x00EE      	MOVWF      FARG_MSdelay_val
0x03FF	0x3013      	MOVLW      19
0x0400	0x00EF      	MOVWF      FARG_MSdelay_val+1
0x0401	0x2003      	CALL       _MSdelay
;MyProject.c,126 :: 		LCD_String_xy(1,0,"Door CLOSING");
0x0402	0x3001      	MOVLW      1
0x0403	0x00E7      	MOVWF      FARG_LCD_String_xy_row
0x0404	0x01E8      	CLRF       FARG_LCD_String_xy_pos
0x0405	0x30AD      	MOVLW      ?lstr2_MyProject
0x0406	0x00E9      	MOVWF      FARG_LCD_String_xy_str
0x0407	0x20D0      	CALL       _LCD_String_xy
;MyProject.c,127 :: 		set_servo_position(0);
0x0408	0x01E5      	CLRF       FARG_set_servo_position_degrees
0x0409	0x01E6      	CLRF       FARG_set_servo_position_degrees+1
0x040A	0x2370      	CALL       _set_servo_position
;MyProject.c,128 :: 		}
L_main7:
;MyProject.c,129 :: 		if(Sel == '#')
0x040B	0x1683      	BSF        STATUS, 5
0x040C	0x085E      	MOVF       _Sel, 0
0x040D	0x3A23      	XORLW      35
0x040E	0x1D03      	BTFSS      STATUS, 2
0x040F	0x2C2D      	GOTO       L_main8
;MyProject.c,131 :: 		LCD_String_xy(1,0,"Balance");
0x0410	0x3001      	MOVLW      1
0x0411	0x00E7      	MOVWF      FARG_LCD_String_xy_row
0x0412	0x01E8      	CLRF       FARG_LCD_String_xy_pos
0x0413	0x3064      	MOVLW      ?lstr3_MyProject
0x0414	0x00E9      	MOVWF      FARG_LCD_String_xy_str
0x0415	0x20D0      	CALL       _LCD_String_xy
;MyProject.c,132 :: 		WordToStr(bal,balval);
0x0416	0x1283      	BCF        STATUS, 5
0x0417	0x086C      	MOVF       _bal, 0
0x0418	0x1683      	BSF        STATUS, 5
0x0419	0x00E7      	MOVWF      FARG_WordToStr_input
0x041A	0x1283      	BCF        STATUS, 5
0x041B	0x086D      	MOVF       _bal+1, 0
0x041C	0x1683      	BSF        STATUS, 5
0x041D	0x00E8      	MOVWF      FARG_WordToStr_input+1
0x041E	0x30D1      	MOVLW      _balval
0x041F	0x00E9      	MOVWF      FARG_WordToStr_output
0x0420	0x21CF      	CALL       _WordToStr
;MyProject.c,133 :: 		LCD_String_xy(2,7,balval);
0x0421	0x3002      	MOVLW      2
0x0422	0x00E7      	MOVWF      FARG_LCD_String_xy_row
0x0423	0x3007      	MOVLW      7
0x0424	0x00E8      	MOVWF      FARG_LCD_String_xy_pos
0x0425	0x30D1      	MOVLW      _balval
0x0426	0x00E9      	MOVWF      FARG_LCD_String_xy_str
0x0427	0x20D0      	CALL       _LCD_String_xy
;MyProject.c,134 :: 		MSdelay(5000);
0x0428	0x3088      	MOVLW      136
0x0429	0x00EE      	MOVWF      FARG_MSdelay_val
0x042A	0x3013      	MOVLW      19
0x042B	0x00EF      	MOVWF      FARG_MSdelay_val+1
0x042C	0x2003      	CALL       _MSdelay
;MyProject.c,135 :: 		}
L_main8:
;MyProject.c,139 :: 		}
0x042D	0x2BE0      	GOTO       L_main1
;MyProject.c,143 :: 		}
L_end_main:
0x042E	0x2C2E      	GOTO       $+0
; end of _main
0x04B2	0x3020      	MOVLW      32
0x04B3	0x0084      	MOVWF      FSR
0x04B4	0x3044      	MOVLW      68
0x04B5	0x1283      	BCF        STATUS, 5
0x04B6	0x1303      	BCF        STATUS, 6
0x04B7	0x00F0      	MOVWF      R0
0x04B8	0x3034      	MOVLW      52
0x04B9	0x1683      	BSF        STATUS, 5
0x04BA	0x00E1      	MOVWF      ___DoICPAddr
0x04BB	0x3004      	MOVLW      4
0x04BC	0x00E2      	MOVWF      226
0x04BD	0x2364      	CALL       868
0x04BE	0x30A0      	MOVLW      160
0x04BF	0x0084      	MOVWF      FSR
0x04C0	0x300D      	MOVLW      13
0x04C1	0x00F0      	MOVWF      R0
0x04C2	0x308E      	MOVLW      142
0x04C3	0x1683      	BSF        STATUS, 5
0x04C4	0x00E1      	MOVWF      ___DoICPAddr
0x04C5	0x3004      	MOVLW      4
0x04C6	0x00E2      	MOVWF      226
0x04C7	0x2364      	CALL       868
0x04C8	0x3064      	MOVLW      100
0x04C9	0x0084      	MOVWF      FSR
0x04CA	0x3008      	MOVLW      8
0x04CB	0x00F0      	MOVWF      R0
0x04CC	0x30A8      	MOVLW      168
0x04CD	0x1683      	BSF        STATUS, 5
0x04CE	0x00E1      	MOVWF      ___DoICPAddr
0x04CF	0x3004      	MOVLW      4
0x04D0	0x00E2      	MOVWF      226
0x04D1	0x2364      	CALL       868
0x04D2	0x30AD      	MOVLW      173
0x04D3	0x0084      	MOVWF      FSR
0x04D4	0x300D      	MOVLW      13
0x04D5	0x00F0      	MOVWF      R0
0x04D6	0x309B      	MOVLW      155
0x04D7	0x1683      	BSF        STATUS, 5
0x04D8	0x00E1      	MOVWF      ___DoICPAddr
0x04D9	0x3004      	MOVLW      4
0x04DA	0x00E2      	MOVWF      226
0x04DB	0x2364      	CALL       868
0x04DC	0x306C      	MOVLW      108
0x04DD	0x0084      	MOVWF      FSR
0x04DE	0x3002      	MOVLW      2
0x04DF	0x00F0      	MOVWF      R0
0x04E0	0x30B0      	MOVLW      176
0x04E1	0x1683      	BSF        STATUS, 5
0x04E2	0x00E1      	MOVWF      ___DoICPAddr
0x04E3	0x3004      	MOVLW      4
0x04E4	0x00E2      	MOVWF      226
0x04E5	0x2364      	CALL       868
0x04E6	0x30BA      	MOVLW      186
0x04E7	0x0084      	MOVWF      FSR
0x04E8	0x3016      	MOVLW      22
0x04E9	0x00F0      	MOVWF      R0
0x04EA	0x3078      	MOVLW      120
0x04EB	0x1683      	BSF        STATUS, 5
0x04EC	0x00E1      	MOVWF      ___DoICPAddr
0x04ED	0x3004      	MOVLW      4
0x04EE	0x00E2      	MOVWF      226
0x04EF	0x2364      	CALL       868
0x04F0	0x0008      	RETURN
;MyProject.c,0 :: ?ICS?lstr13_MyProject
0x0434	0x343A ;?ICS?lstr13_MyProject+0
0x0435	0x3400 ;?ICS?lstr13_MyProject+1
; end of ?ICS?lstr13_MyProject
;MyProject.c,0 :: ?ICS?lstr12_MyProject
0x0436	0x3466 ;?ICS?lstr12_MyProject+0
0x0437	0x3469 ;?ICS?lstr12_MyProject+1
0x0438	0x346C ;?ICS?lstr12_MyProject+2
0x0439	0x3473 ;?ICS?lstr12_MyProject+3
0x043A	0x3400 ;?ICS?lstr12_MyProject+4
; end of ?ICS?lstr12_MyProject
;MyProject.c,0 :: ?ICS_keypad
0x043B	0x3431 ;?ICS_keypad+0
0x043C	0x3432 ;?ICS_keypad+1
0x043D	0x3433 ;?ICS_keypad+2
0x043E	0x3434 ;?ICS_keypad+3
0x043F	0x3435 ;?ICS_keypad+4
0x0440	0x3436 ;?ICS_keypad+5
0x0441	0x3437 ;?ICS_keypad+6
0x0442	0x3438 ;?ICS_keypad+7
0x0443	0x3439 ;?ICS_keypad+8
0x0444	0x342A ;?ICS_keypad+9
0x0445	0x3430 ;?ICS_keypad+10
0x0446	0x3423 ;?ICS_keypad+11
; end of ?ICS_keypad
;MyProject.c,0 :: ?ICS?lstr11_MyProject
0x0447	0x343A ;?ICS?lstr11_MyProject+0
0x0448	0x3400 ;?ICS?lstr11_MyProject+1
; end of ?ICS?lstr11_MyProject
;MyProject.c,0 :: ?ICS?lstr7_MyProject
0x0449	0x343A ;?ICS?lstr7_MyProject+0
0x044A	0x3400 ;?ICS?lstr7_MyProject+1
; end of ?ICS?lstr7_MyProject
;MyProject.c,0 :: ?ICS?lstr6_MyProject
0x044B	0x3466 ;?ICS?lstr6_MyProject+0
0x044C	0x3469 ;?ICS?lstr6_MyProject+1
0x044D	0x346C ;?ICS?lstr6_MyProject+2
0x044E	0x3473 ;?ICS?lstr6_MyProject+3
0x044F	0x3400 ;?ICS?lstr6_MyProject+4
; end of ?ICS?lstr6_MyProject
;MyProject.c,0 :: ?ICS?lstr10_MyProject
0x0450	0x3466 ;?ICS?lstr10_MyProject+0
0x0451	0x3469 ;?ICS?lstr10_MyProject+1
0x0452	0x346C ;?ICS?lstr10_MyProject+2
0x0453	0x3473 ;?ICS?lstr10_MyProject+3
0x0454	0x3400 ;?ICS?lstr10_MyProject+4
; end of ?ICS?lstr10_MyProject
;MyProject.c,0 :: ?ICS?lstr9_MyProject
0x0455	0x343A ;?ICS?lstr9_MyProject+0
0x0456	0x3400 ;?ICS?lstr9_MyProject+1
; end of ?ICS?lstr9_MyProject
;MyProject.c,0 :: ?ICS?lstr8_MyProject
0x0457	0x3466 ;?ICS?lstr8_MyProject+0
0x0458	0x3469 ;?ICS?lstr8_MyProject+1
0x0459	0x346C ;?ICS?lstr8_MyProject+2
0x045A	0x3473 ;?ICS?lstr8_MyProject+3
0x045B	0x3400 ;?ICS?lstr8_MyProject+4
; end of ?ICS?lstr8_MyProject
;MyProject.c,0 :: ?ICS?lstr14_MyProject
0x045C	0x3445 ;?ICS?lstr14_MyProject+0
0x045D	0x346E ;?ICS?lstr14_MyProject+1
0x045E	0x3474 ;?ICS?lstr14_MyProject+2
0x045F	0x3465 ;?ICS?lstr14_MyProject+3
0x0460	0x3472 ;?ICS?lstr14_MyProject+4
0x0461	0x3420 ;?ICS?lstr14_MyProject+5
0x0462	0x3470 ;?ICS?lstr14_MyProject+6
0x0463	0x3461 ;?ICS?lstr14_MyProject+7
0x0464	0x3473 ;?ICS?lstr14_MyProject+8
0x0465	0x3473 ;?ICS?lstr14_MyProject+9
0x0466	0x343A ;?ICS?lstr14_MyProject+10
0x0467	0x3400 ;?ICS?lstr14_MyProject+11
; end of ?ICS?lstr14_MyProject
;MyProject.c,0 :: ?ICS?lstr16_MyProject
0x0468	0x3450 ;?ICS?lstr16_MyProject+0
0x0469	0x3461 ;?ICS?lstr16_MyProject+1
0x046A	0x3473 ;?ICS?lstr16_MyProject+2
0x046B	0x3473 ;?ICS?lstr16_MyProject+3
0x046C	0x3477 ;?ICS?lstr16_MyProject+4
0x046D	0x346F ;?ICS?lstr16_MyProject+5
0x046E	0x3472 ;?ICS?lstr16_MyProject+6
0x046F	0x3464 ;?ICS?lstr16_MyProject+7
0x0470	0x3420 ;?ICS?lstr16_MyProject+8
0x0471	0x3473 ;?ICS?lstr16_MyProject+9
0x0472	0x3465 ;?ICS?lstr16_MyProject+10
0x0473	0x3474 ;?ICS?lstr16_MyProject+11
0x0474	0x342E ;?ICS?lstr16_MyProject+12
0x0475	0x3400 ;?ICS?lstr16_MyProject+13
; end of ?ICS?lstr16_MyProject
;MyProject.c,0 :: ?ICS?lstr15_MyProject
0x0476	0x342A ;?ICS?lstr15_MyProject+0
0x0477	0x3400 ;?ICS?lstr15_MyProject+1
; end of ?ICS?lstr15_MyProject
;MyProject.c,0 :: ?ICS?lstr5_MyProject
0x0478	0x3442 ;?ICS?lstr5_MyProject+0
0x0479	0x3461 ;?ICS?lstr5_MyProject+1
0x047A	0x346C ;?ICS?lstr5_MyProject+2
0x047B	0x3461 ;?ICS?lstr5_MyProject+3
0x047C	0x346E ;?ICS?lstr5_MyProject+4
0x047D	0x3463 ;?ICS?lstr5_MyProject+5
0x047E	0x3465 ;?ICS?lstr5_MyProject+6
0x047F	0x343A ;?ICS?lstr5_MyProject+7
0x0480	0x3400 ;?ICS?lstr5_MyProject+8
; end of ?ICS?lstr5_MyProject
;MyProject.c,0 :: ?ICS?lstr4_MyProject
0x0481	0x3457 ;?ICS?lstr4_MyProject+0
0x0482	0x3461 ;?ICS?lstr4_MyProject+1
0x0483	0x3469 ;?ICS?lstr4_MyProject+2
0x0484	0x3474 ;?ICS?lstr4_MyProject+3
0x0485	0x3469 ;?ICS?lstr4_MyProject+4
0x0486	0x346E ;?ICS?lstr4_MyProject+5
0x0487	0x3467 ;?ICS?lstr4_MyProject+6
0x0488	0x342E ;?ICS?lstr4_MyProject+7
0x0489	0x342E ;?ICS?lstr4_MyProject+8
0x048A	0x3420 ;?ICS?lstr4_MyProject+9
0x048B	0x343A ;?ICS?lstr4_MyProject+10
0x048C	0x3429 ;?ICS?lstr4_MyProject+11
0x048D	0x3400 ;?ICS?lstr4_MyProject+12
; end of ?ICS?lstr4_MyProject
;MyProject.c,0 :: ?ICS?lstr1_MyProject
0x048E	0x3444 ;?ICS?lstr1_MyProject+0
0x048F	0x346F ;?ICS?lstr1_MyProject+1
0x0490	0x346F ;?ICS?lstr1_MyProject+2
0x0491	0x3472 ;?ICS?lstr1_MyProject+3
0x0492	0x3420 ;?ICS?lstr1_MyProject+4
0x0493	0x346F ;?ICS?lstr1_MyProject+5
0x0494	0x3470 ;?ICS?lstr1_MyProject+6
0x0495	0x3465 ;?ICS?lstr1_MyProject+7
0x0496	0x346E ;?ICS?lstr1_MyProject+8
0x0497	0x3469 ;?ICS?lstr1_MyProject+9
0x0498	0x346E ;?ICS?lstr1_MyProject+10
0x0499	0x3467 ;?ICS?lstr1_MyProject+11
0x049A	0x3400 ;?ICS?lstr1_MyProject+12
; end of ?ICS?lstr1_MyProject
;MyProject.c,0 :: ?ICS?lstr2_MyProject
0x049B	0x3444 ;?ICS?lstr2_MyProject+0
0x049C	0x346F ;?ICS?lstr2_MyProject+1
0x049D	0x346F ;?ICS?lstr2_MyProject+2
0x049E	0x3472 ;?ICS?lstr2_MyProject+3
0x049F	0x3420 ;?ICS?lstr2_MyProject+4
0x04A0	0x3443 ;?ICS?lstr2_MyProject+5
0x04A1	0x344C ;?ICS?lstr2_MyProject+6
0x04A2	0x344F ;?ICS?lstr2_MyProject+7
0x04A3	0x3453 ;?ICS?lstr2_MyProject+8
0x04A4	0x3449 ;?ICS?lstr2_MyProject+9
0x04A5	0x344E ;?ICS?lstr2_MyProject+10
0x04A6	0x3447 ;?ICS?lstr2_MyProject+11
0x04A7	0x3400 ;?ICS?lstr2_MyProject+12
; end of ?ICS?lstr2_MyProject
;MyProject.c,0 :: ?ICS?lstr3_MyProject
0x04A8	0x3442 ;?ICS?lstr3_MyProject+0
0x04A9	0x3461 ;?ICS?lstr3_MyProject+1
0x04AA	0x346C ;?ICS?lstr3_MyProject+2
0x04AB	0x3461 ;?ICS?lstr3_MyProject+3
0x04AC	0x346E ;?ICS?lstr3_MyProject+4
0x04AD	0x3463 ;?ICS?lstr3_MyProject+5
0x04AE	0x3465 ;?ICS?lstr3_MyProject+6
0x04AF	0x3400 ;?ICS?lstr3_MyProject+7
; end of ?ICS?lstr3_MyProject
;MyProject.c,0 :: ?ICS_bal
0x04B0	0x3400 ;?ICS_bal+0
0x04B1	0x3400 ;?ICS_bal+1
; end of ?ICS_bal
Symbol List:
//** Routines locations **
//ADDRESS    SIZE    PROCEDURE
//----------------------------------------------
0x0003      [31]    _MSdelay
0x0022      [52]    _LCD_Char
0x0056      [25]    _Mul_8X8_U
0x006F      [29]    _Div_16X16_U
0x008C      [52]    _LCD_command
0x00C0      [16]    _LCD_String
0x00D0      [36]    _LCD_String_xy
0x00F4     [201]    _key
0x01BD      [11]    _LCD_Clear
0x01C8       [7]    _____DoICP
0x01CF      [66]    _WordToStr
0x0211     [236]    _entercoins
0x02FD      [59]    _setPassword
0x0338      [29]    _LCD_Initialize
0x0355      [15]    _pwm_init
0x0364      [12]    ___CC2DW
0x0370      [80]    _set_servo_position
0x03C0     [110]    _main
//** Variables locations ** 
//ADDRESS    SIZE    VARIABLE
//----------------------------------------------
0x0000       [1]    INDF
0x0002       [1]    PCL
0x0003       [1]    STATUS
0x0004       [1]    FSR
0x0006       [0]    RB3_bit
0x0006       [0]    RB5_bit
0x0006       [0]    RB2_bit
0x0006       [0]    RB4_bit
0x0006       [0]    RB1_bit
0x0006       [1]    PORTB
0x0006       [0]    RB7_bit
0x0006       [0]    RB6_bit
0x0007       [1]    PORTC
0x0008       [0]    RD1_bit
0x0008       [0]    RD0_bit
0x0008       [1]    PORTD
0x000A       [1]    PCLATH
0x0012       [1]    T2CON
0x0015       [1]    CCPR1L
0x0017       [1]    CCP1CON
0x001D       [1]    CCP2CON
0x0020       [2]    ?lstr13_MyProject
0x0022       [5]    ?lstr12_MyProject
0x0027      [12]    _keypad
0x0033       [2]    ?lstr11_MyProject
0x0035       [2]    ?lstr7_MyProject
0x0037       [5]    ?lstr6_MyProject
0x003C       [5]    ?lstr10_MyProject
0x0041       [2]    ?lstr9_MyProject
0x0043       [5]    ?lstr8_MyProject
0x0048      [12]    ?lstr14_MyProject
0x0054      [14]    ?lstr16_MyProject
0x0062       [2]    ?lstr15_MyProject
0x0064       [8]    ?lstr3_MyProject
0x006C       [2]    _bal
0x006E       [1]    _rownum
0x006F       [1]    _location
0x0070       [1]    R0
0x0071       [1]    R1
0x0072       [1]    R2
0x0073       [1]    R3
0x0074       [1]    R4
0x0075       [1]    R5
0x0076       [1]    R6
0x0077       [1]    R7
0x0078       [1]    R8
0x0079       [1]    R9
0x007A       [1]    R10
0x007B       [1]    R11
0x007C       [1]    R12
0x007D       [1]    R13
0x007E       [1]    R14
0x007F       [1]    R15
0x0081       [1]    OPTION_REG
0x0086       [1]    TRISB
0x0087       [1]    TRISC
0x0088       [1]    TRISD
0x0092       [1]    PR2
0x00A0      [13]    ?lstr1_MyProject
0x00AD      [13]    ?lstr2_MyProject
0x00BA       [9]    ?lstr5_MyProject
0x00C3      [13]    ?lstr4_MyProject
0x00D0       [1]    _colnum
0x00D1       [6]    _balval
0x00D7       [1]    _kp
0x00D8       [2]    _index
0x00DA       [4]    _pass
0x00DE       [1]    _Sel
0x00DF       [2]    _i
0x00E1       [2]    ___DoICPAddr
0x00E3       [2]    _j
0x00E5       [2]    FARG_set_servo_position_degrees
0x00E7       [2]    FARG_WordToStr_input
0x00E7       [1]    FARG_LCD_String_xy_row
0x00E8       [1]    FARG_LCD_String_xy_pos
0x00E9       [1]    FARG_LCD_String_xy_str
0x00E9       [1]    FARG_WordToStr_output
0x00EA       [1]    WordToStr_len_L0
0x00EB       [1]    FLOC__WordToStr
0x00EC       [1]    FARG_LCD_String_str
0x00EC       [1]    FARG_LCD_command_cmnd
0x00ED       [1]    FARG_LCD_Char_chardata
0x00EE       [2]    FARG_MSdelay_val
//** Constants locations ** 
//ADDRESS    SIZE    CONSTANT
//----------------------------------------------
0x0434       [2]    ?ICS?lstr13_MyProject
0x0436       [5]    ?ICS?lstr12_MyProject
0x043B      [12]    ?ICS_keypad
0x0447       [2]    ?ICS?lstr11_MyProject
0x0449       [2]    ?ICS?lstr7_MyProject
0x044B       [5]    ?ICS?lstr6_MyProject
0x0450       [5]    ?ICS?lstr10_MyProject
0x0455       [2]    ?ICS?lstr9_MyProject
0x0457       [5]    ?ICS?lstr8_MyProject
0x045C      [12]    ?ICS?lstr14_MyProject
0x0468      [14]    ?ICS?lstr16_MyProject
0x0476       [2]    ?ICS?lstr15_MyProject
0x0478       [9]    ?ICS?lstr5_MyProject
0x0481      [13]    ?ICS?lstr4_MyProject
0x048E      [13]    ?ICS?lstr1_MyProject
0x049B      [13]    ?ICS?lstr2_MyProject
0x04A8       [8]    ?ICS?lstr3_MyProject
0x04B0       [2]    ?ICS_bal
